{"/home/felipe/bootcamp/collab/skylab-bootcamp-201907/staff/felipe-fernandez/footcamp/footcamp-api/logic/league/create/index.spec.js":{"path":"/home/felipe/bootcamp/collab/skylab-bootcamp-201907/staff/felipe-fernandez/footcamp/footcamp-api/logic/league/create/index.spec.js","statementMap":{"0":{"start":{"line":1,"column":0},"end":{"line":1,"column":26}},"1":{"start":{"line":3,"column":17},"end":{"line":3,"column":32}},"2":{"start":{"line":4,"column":14},"end":{"line":4,"column":30}},"3":{"start":{"line":5,"column":47},"end":{"line":5,"column":71}},"4":{"start":{"line":7,"column":32},"end":{"line":7,"column":39}},"5":{"start":{"line":9,"column":0},"end":{"line":126,"column":2}},"6":{"start":{"line":11,"column":4},"end":{"line":11,"column":48}},"7":{"start":{"line":11,"column":18},"end":{"line":11,"column":47}},"8":{"start":{"line":14,"column":4},"end":{"line":31,"column":5}},"9":{"start":{"line":16,"column":8},"end":{"line":16,"column":38}},"10":{"start":{"line":17,"column":8},"end":{"line":17,"column":44}},"11":{"start":{"line":18,"column":8},"end":{"line":18,"column":50}},"12":{"start":{"line":19,"column":8},"end":{"line":19,"column":46}},"13":{"start":{"line":20,"column":8},"end":{"line":20,"column":50}},"14":{"start":{"line":21,"column":8},"end":{"line":21,"column":38}},"15":{"start":{"line":23,"column":8},"end":{"line":29,"column":12}},"16":{"start":{"line":24,"column":12},"end":{"line":24,"column":35}},"17":{"start":{"line":26,"column":26},"end":{"line":26,"column":77}},"18":{"start":{"line":27,"column":12},"end":{"line":27,"column":25}},"19":{"start":{"line":33,"column":4},"end":{"line":47,"column":6}},"20":{"start":{"line":35,"column":23},"end":{"line":35,"column":69}},"21":{"start":{"line":36,"column":12},"end":{"line":36,"column":35}},"22":{"start":{"line":38,"column":23},"end":{"line":38,"column":69}},"23":{"start":{"line":39,"column":12},"end":{"line":39,"column":35}},"24":{"start":{"line":40,"column":12},"end":{"line":40,"column":40}},"25":{"start":{"line":41,"column":12},"end":{"line":41,"column":52}},"26":{"start":{"line":42,"column":12},"end":{"line":42,"column":46}},"27":{"start":{"line":43,"column":12},"end":{"line":43,"column":58}},"28":{"start":{"line":44,"column":12},"end":{"line":44,"column":66}},"29":{"start":{"line":49,"column":8},"end":{"line":60,"column":11}},"30":{"start":{"line":51,"column":12},"end":{"line":51,"column":63}},"31":{"start":{"line":53,"column":12},"end":{"line":59,"column":13}},"32":{"start":{"line":54,"column":17},"end":{"line":54,"column":63}},"33":{"start":{"line":57,"column":17},"end":{"line":57,"column":39}},"34":{"start":{"line":58,"column":17},"end":{"line":58,"column":95}},"35":{"start":{"line":65,"column":8},"end":{"line":69,"column":9}},"36":{"start":{"line":66,"column":12},"end":{"line":68,"column":64}},"37":{"start":{"line":67,"column":16},"end":{"line":67,"column":55}},"38":{"start":{"line":71,"column":8},"end":{"line":75,"column":9}},"39":{"start":{"line":72,"column":12},"end":{"line":74,"column":61}},"40":{"start":{"line":73,"column":16},"end":{"line":73,"column":62}},"41":{"start":{"line":77,"column":8},"end":{"line":81,"column":9}},"42":{"start":{"line":78,"column":12},"end":{"line":80,"column":63}},"43":{"start":{"line":79,"column":16},"end":{"line":79,"column":61}},"44":{"start":{"line":86,"column":8},"end":{"line":90,"column":9}},"45":{"start":{"line":87,"column":12},"end":{"line":89,"column":60}},"46":{"start":{"line":88,"column":16},"end":{"line":88,"column":51}},"47":{"start":{"line":92,"column":8},"end":{"line":96,"column":9}},"48":{"start":{"line":93,"column":12},"end":{"line":95,"column":57}},"49":{"start":{"line":94,"column":16},"end":{"line":94,"column":59}},"50":{"start":{"line":99,"column":8},"end":{"line":103,"column":5}},"51":{"start":{"line":100,"column":8},"end":{"line":102,"column":55}},"52":{"start":{"line":101,"column":12},"end":{"line":101,"column":53}},"53":{"start":{"line":106,"column":7},"end":{"line":110,"column":9}},"54":{"start":{"line":107,"column":8},"end":{"line":109,"column":42}},"55":{"start":{"line":108,"column":8},"end":{"line":108,"column":48}},"56":{"start":{"line":112,"column":8},"end":{"line":116,"column":9}},"57":{"start":{"line":113,"column":8},"end":{"line":115,"column":44}},"58":{"start":{"line":114,"column":8},"end":{"line":114,"column":40}},"59":{"start":{"line":118,"column":8},"end":{"line":122,"column":9}},"60":{"start":{"line":119,"column":8},"end":{"line":121,"column":44}},"61":{"start":{"line":120,"column":8},"end":{"line":120,"column":46}},"62":{"start":{"line":125,"column":4},"end":{"line":125,"column":38}},"63":{"start":{"line":125,"column":16},"end":{"line":125,"column":37}}},"fnMap":{"0":{"name":"(anonymous_0)","decl":{"start":{"line":9,"column":34},"end":{"line":9,"column":35}},"loc":{"start":{"line":9,"column":40},"end":{"line":126,"column":1}},"line":9},"1":{"name":"(anonymous_1)","decl":{"start":{"line":11,"column":11},"end":{"line":11,"column":12}},"loc":{"start":{"line":11,"column":18},"end":{"line":11,"column":47}},"line":11},"2":{"name":"(anonymous_2)","decl":{"start":{"line":14,"column":15},"end":{"line":14,"column":16}},"loc":{"start":{"line":14,"column":21},"end":{"line":31,"column":4}},"line":14},"3":{"name":"(anonymous_3)","decl":{"start":{"line":23,"column":16},"end":{"line":23,"column":17}},"loc":{"start":{"line":23,"column":28},"end":{"line":29,"column":9}},"line":23},"4":{"name":"(anonymous_4)","decl":{"start":{"line":33,"column":41},"end":{"line":33,"column":42}},"loc":{"start":{"line":33,"column":53},"end":{"line":47,"column":5}},"line":33},"5":{"name":"(anonymous_5)","decl":{"start":{"line":49,"column":55},"end":{"line":49,"column":56}},"loc":{"start":{"line":49,"column":67},"end":{"line":60,"column":10}},"line":49},"6":{"name":"(anonymous_6)","decl":{"start":{"line":65,"column":51},"end":{"line":65,"column":52}},"loc":{"start":{"line":66,"column":12},"end":{"line":68,"column":64}},"line":66},"7":{"name":"(anonymous_7)","decl":{"start":{"line":66,"column":19},"end":{"line":66,"column":20}},"loc":{"start":{"line":67,"column":16},"end":{"line":67,"column":55}},"line":67},"8":{"name":"(anonymous_8)","decl":{"start":{"line":71,"column":47},"end":{"line":71,"column":48}},"loc":{"start":{"line":72,"column":12},"end":{"line":74,"column":61}},"line":72},"9":{"name":"(anonymous_9)","decl":{"start":{"line":72,"column":19},"end":{"line":72,"column":20}},"loc":{"start":{"line":73,"column":16},"end":{"line":73,"column":62}},"line":73},"10":{"name":"(anonymous_10)","decl":{"start":{"line":77,"column":44},"end":{"line":77,"column":45}},"loc":{"start":{"line":78,"column":12},"end":{"line":80,"column":63}},"line":78},"11":{"name":"(anonymous_11)","decl":{"start":{"line":78,"column":19},"end":{"line":78,"column":20}},"loc":{"start":{"line":79,"column":16},"end":{"line":79,"column":61}},"line":79},"12":{"name":"(anonymous_12)","decl":{"start":{"line":86,"column":52},"end":{"line":86,"column":53}},"loc":{"start":{"line":87,"column":12},"end":{"line":89,"column":60}},"line":87},"13":{"name":"(anonymous_13)","decl":{"start":{"line":87,"column":19},"end":{"line":87,"column":20}},"loc":{"start":{"line":88,"column":16},"end":{"line":88,"column":51}},"line":88},"14":{"name":"(anonymous_14)","decl":{"start":{"line":92,"column":48},"end":{"line":92,"column":49}},"loc":{"start":{"line":93,"column":12},"end":{"line":95,"column":57}},"line":93},"15":{"name":"(anonymous_15)","decl":{"start":{"line":93,"column":19},"end":{"line":93,"column":20}},"loc":{"start":{"line":94,"column":16},"end":{"line":94,"column":59}},"line":94},"16":{"name":"(anonymous_16)","decl":{"start":{"line":99,"column":45},"end":{"line":99,"column":46}},"loc":{"start":{"line":100,"column":8},"end":{"line":102,"column":55}},"line":100},"17":{"name":"(anonymous_17)","decl":{"start":{"line":100,"column":15},"end":{"line":100,"column":16}},"loc":{"start":{"line":101,"column":12},"end":{"line":101,"column":53}},"line":101},"18":{"name":"(anonymous_18)","decl":{"start":{"line":106,"column":37},"end":{"line":106,"column":38}},"loc":{"start":{"line":107,"column":8},"end":{"line":109,"column":42}},"line":107},"19":{"name":"(anonymous_19)","decl":{"start":{"line":107,"column":15},"end":{"line":107,"column":16}},"loc":{"start":{"line":108,"column":8},"end":{"line":108,"column":48}},"line":108},"20":{"name":"(anonymous_20)","decl":{"start":{"line":112,"column":40},"end":{"line":112,"column":41}},"loc":{"start":{"line":113,"column":8},"end":{"line":115,"column":44}},"line":113},"21":{"name":"(anonymous_21)","decl":{"start":{"line":113,"column":15},"end":{"line":113,"column":16}},"loc":{"start":{"line":114,"column":8},"end":{"line":114,"column":40}},"line":114},"22":{"name":"(anonymous_22)","decl":{"start":{"line":118,"column":40},"end":{"line":118,"column":41}},"loc":{"start":{"line":119,"column":8},"end":{"line":121,"column":44}},"line":119},"23":{"name":"(anonymous_23)","decl":{"start":{"line":119,"column":15},"end":{"line":119,"column":16}},"loc":{"start":{"line":120,"column":8},"end":{"line":120,"column":46}},"line":120},"24":{"name":"(anonymous_24)","decl":{"start":{"line":125,"column":10},"end":{"line":125,"column":11}},"loc":{"start":{"line":125,"column":16},"end":{"line":125,"column":37}},"line":125}},"branchMap":{},"s":{"0":1,"1":1,"2":1,"3":1,"4":1,"5":1,"6":1,"7":1,"8":1,"9":11,"10":11,"11":11,"12":11,"13":11,"14":11,"15":11,"16":11,"17":11,"18":11,"19":1,"20":1,"21":1,"22":1,"23":1,"24":1,"25":1,"26":1,"27":1,"28":1,"29":1,"30":1,"31":1,"32":1,"33":1,"34":1,"35":1,"36":1,"37":1,"38":1,"39":1,"40":1,"41":1,"42":1,"43":1,"44":1,"45":1,"46":1,"47":1,"48":1,"49":1,"50":1,"51":1,"52":1,"53":1,"54":1,"55":1,"56":1,"57":1,"58":1,"59":1,"60":1,"61":1,"62":1,"63":1},"f":{"0":1,"1":1,"2":11,"3":11,"4":1,"5":1,"6":1,"7":1,"8":1,"9":1,"10":1,"11":1,"12":1,"13":1,"14":1,"15":1,"16":1,"17":1,"18":1,"19":1,"20":1,"21":1,"22":1,"23":1,"24":1},"b":{},"_coverageSchema":"43e27e138ebf9cfc5966b082cf9a028302ed4184","hash":"bcb017c117b53d36a146c7b517e37d83c7fa5ca9","contentHash":"b8813da0d02f580b23128fa426f71583f9ed7d6c4a7f4c5ce1975fa74d2d43e3"},"/home/felipe/bootcamp/collab/skylab-bootcamp-201907/staff/felipe-fernandez/footcamp/footcamp-api/logic/index.js":{"path":"/home/felipe/bootcamp/collab/skylab-bootcamp-201907/staff/felipe-fernandez/footcamp/footcamp-api/logic/index.js","statementMap":{"0":{"start":{"line":1,"column":0},"end":{"line":22,"column":1}}},"fnMap":{},"branchMap":{},"s":{"0":1},"f":{},"b":{},"_coverageSchema":"43e27e138ebf9cfc5966b082cf9a028302ed4184","hash":"e09cb743674ab6fe362d98234efc1cdbe14b505c","contentHash":"ccb4fa14ad5f3e5ea1c6afbb88ee2cf4d33431883403fb596c3620e10b213814"},"/home/felipe/bootcamp/collab/skylab-bootcamp-201907/staff/felipe-fernandez/footcamp/footcamp-api/logic/user/register/index.js":{"path":"/home/felipe/bootcamp/collab/skylab-bootcamp-201907/staff/felipe-fernandez/footcamp/footcamp-api/logic/user/register/index.js","statementMap":{"0":{"start":{"line":1,"column":19},"end":{"line":1,"column":44}},"1":{"start":{"line":2,"column":29},"end":{"line":2,"column":53}},"2":{"start":{"line":3,"column":15},"end":{"line":3,"column":34}},"3":{"start":{"line":17,"column":0},"end":{"line":35,"column":1}},"4":{"start":{"line":19,"column":4},"end":{"line":19,"column":33}},"5":{"start":{"line":20,"column":4},"end":{"line":20,"column":39}},"6":{"start":{"line":21,"column":4},"end":{"line":21,"column":35}},"7":{"start":{"line":22,"column":4},"end":{"line":22,"column":34}},"8":{"start":{"line":23,"column":4},"end":{"line":23,"column":41}},"9":{"start":{"line":25,"column":4},"end":{"line":34,"column":8}},"10":{"start":{"line":26,"column":21},"end":{"line":26,"column":50}},"11":{"start":{"line":28,"column":8},"end":{"line":28,"column":53}},"12":{"start":{"line":28,"column":18},"end":{"line":28,"column":53}},"13":{"start":{"line":30,"column":21},"end":{"line":30,"column":51}},"14":{"start":{"line":32,"column":8},"end":{"line":32,"column":72}}},"fnMap":{"0":{"name":"(anonymous_0)","decl":{"start":{"line":17,"column":17},"end":{"line":17,"column":18}},"loc":{"start":{"line":17,"column":58},"end":{"line":35,"column":1}},"line":17},"1":{"name":"(anonymous_1)","decl":{"start":{"line":25,"column":13},"end":{"line":25,"column":14}},"loc":{"start":{"line":25,"column":25},"end":{"line":34,"column":5}},"line":25}},"branchMap":{"0":{"loc":{"start":{"line":28,"column":8},"end":{"line":28,"column":53}},"type":"if","locations":[{"start":{"line":28,"column":8},"end":{"line":28,"column":53}},{"start":{"line":28,"column":8},"end":{"line":28,"column":53}}],"line":28}},"s":{"0":1,"1":1,"2":1,"3":1,"4":15,"5":12,"6":9,"7":6,"8":5,"9":2,"10":2,"11":2,"12":1,"13":1,"14":1},"f":{"0":15,"1":2},"b":{"0":[1,1]},"_coverageSchema":"43e27e138ebf9cfc5966b082cf9a028302ed4184","hash":"b7d48bc7551ceacbcfa14b5586316448680e1c18","contentHash":"6d280d21f82a323d7d9f348b12f307324b65ae9a65fcdf242ed3f38aa613eba4"},"/home/felipe/bootcamp/collab/skylab-bootcamp-201907/staff/felipe-fernandez/footcamp/footcamp-api/logic/user/authenticate/index.js":{"path":"/home/felipe/bootcamp/collab/skylab-bootcamp-201907/staff/felipe-fernandez/footcamp/footcamp-api/logic/user/authenticate/index.js","statementMap":{"0":{"start":{"line":1,"column":19},"end":{"line":1,"column":44}},"1":{"start":{"line":2,"column":29},"end":{"line":2,"column":53}},"2":{"start":{"line":3,"column":15},"end":{"line":3,"column":34}},"3":{"start":{"line":14,"column":0},"end":{"line":30,"column":1}},"4":{"start":{"line":16,"column":4},"end":{"line":16,"column":35}},"5":{"start":{"line":17,"column":4},"end":{"line":17,"column":34}},"6":{"start":{"line":18,"column":4},"end":{"line":18,"column":41}},"7":{"start":{"line":20,"column":4},"end":{"line":29,"column":8}},"8":{"start":{"line":22,"column":21},"end":{"line":22,"column":50}},"9":{"start":{"line":23,"column":8},"end":{"line":23,"column":51}},"10":{"start":{"line":23,"column":19},"end":{"line":23,"column":51}},"11":{"start":{"line":25,"column":22},"end":{"line":25,"column":68}},"12":{"start":{"line":26,"column":8},"end":{"line":26,"column":56}},"13":{"start":{"line":26,"column":19},"end":{"line":26,"column":56}},"14":{"start":{"line":28,"column":8},"end":{"line":28,"column":22}}},"fnMap":{"0":{"name":"(anonymous_0)","decl":{"start":{"line":14,"column":17},"end":{"line":14,"column":18}},"loc":{"start":{"line":14,"column":43},"end":{"line":30,"column":1}},"line":14},"1":{"name":"(anonymous_1)","decl":{"start":{"line":20,"column":12},"end":{"line":20,"column":13}},"loc":{"start":{"line":20,"column":24},"end":{"line":29,"column":5}},"line":20}},"branchMap":{"0":{"loc":{"start":{"line":23,"column":8},"end":{"line":23,"column":51}},"type":"if","locations":[{"start":{"line":23,"column":8},"end":{"line":23,"column":51}},{"start":{"line":23,"column":8},"end":{"line":23,"column":51}}],"line":23},"1":{"loc":{"start":{"line":26,"column":8},"end":{"line":26,"column":56}},"type":"if","locations":[{"start":{"line":26,"column":8},"end":{"line":26,"column":56}},{"start":{"line":26,"column":8},"end":{"line":26,"column":56}}],"line":26}},"s":{"0":1,"1":1,"2":1,"3":1,"4":7,"5":5,"6":4,"7":2,"8":2,"9":2,"10":0,"11":2,"12":2,"13":1,"14":1},"f":{"0":7,"1":2},"b":{"0":[0,2],"1":[1,1]},"_coverageSchema":"43e27e138ebf9cfc5966b082cf9a028302ed4184","hash":"d83cd3e73758867e67e82515ce4338ef80d5c643","contentHash":"568646a2e275c7e8e7638990fae7c44b3fbcec923f5306b79972e3e4ddcbe5bd"},"/home/felipe/bootcamp/collab/skylab-bootcamp-201907/staff/felipe-fernandez/footcamp/footcamp-api/logic/user/retrieve/index.js":{"path":"/home/felipe/bootcamp/collab/skylab-bootcamp-201907/staff/felipe-fernandez/footcamp/footcamp-api/logic/user/retrieve/index.js","statementMap":{"0":{"start":{"line":1,"column":19},"end":{"line":1,"column":44}},"1":{"start":{"line":2,"column":29},"end":{"line":2,"column":53}},"2":{"start":{"line":17,"column":0},"end":{"line":27,"column":1}},"3":{"start":{"line":19,"column":4},"end":{"line":19,"column":29}},"4":{"start":{"line":21,"column":4},"end":{"line":26,"column":8}},"5":{"start":{"line":22,"column":21},"end":{"line":22,"column":92}},"6":{"start":{"line":23,"column":8},"end":{"line":23,"column":68}},"7":{"start":{"line":23,"column":19},"end":{"line":23,"column":68}},"8":{"start":{"line":24,"column":8},"end":{"line":24,"column":20}},"9":{"start":{"line":25,"column":8},"end":{"line":25,"column":19}}},"fnMap":{"0":{"name":"(anonymous_0)","decl":{"start":{"line":17,"column":17},"end":{"line":17,"column":18}},"loc":{"start":{"line":17,"column":30},"end":{"line":27,"column":1}},"line":17},"1":{"name":"(anonymous_1)","decl":{"start":{"line":21,"column":12},"end":{"line":21,"column":13}},"loc":{"start":{"line":21,"column":24},"end":{"line":26,"column":5}},"line":21}},"branchMap":{"0":{"loc":{"start":{"line":23,"column":8},"end":{"line":23,"column":68}},"type":"if","locations":[{"start":{"line":23,"column":8},"end":{"line":23,"column":68}},{"start":{"line":23,"column":8},"end":{"line":23,"column":68}}],"line":23}},"s":{"0":1,"1":1,"2":1,"3":5,"4":2,"5":2,"6":2,"7":1,"8":1,"9":1},"f":{"0":5,"1":2},"b":{"0":[1,1]},"_coverageSchema":"43e27e138ebf9cfc5966b082cf9a028302ed4184","hash":"62ac530dac58cf38e4927c57291ca9b2eb1c65a8","contentHash":"a2c0a9022b14a71cd6cf2c84d7d1ff0c043eb4d1d65b153095868842ade0b8b6"},"/home/felipe/bootcamp/collab/skylab-bootcamp-201907/staff/felipe-fernandez/footcamp/footcamp-api/logic/user/unregister/index.js":{"path":"/home/felipe/bootcamp/collab/skylab-bootcamp-201907/staff/felipe-fernandez/footcamp/footcamp-api/logic/user/unregister/index.js","statementMap":{"0":{"start":{"line":1,"column":19},"end":{"line":1,"column":44}},"1":{"start":{"line":2,"column":29},"end":{"line":2,"column":53}},"2":{"start":{"line":3,"column":15},"end":{"line":3,"column":34}},"3":{"start":{"line":14,"column":0},"end":{"line":35,"column":1}},"4":{"start":{"line":16,"column":4},"end":{"line":16,"column":29}},"5":{"start":{"line":17,"column":4},"end":{"line":17,"column":35}},"6":{"start":{"line":18,"column":4},"end":{"line":18,"column":34}},"7":{"start":{"line":19,"column":4},"end":{"line":19,"column":41}},"8":{"start":{"line":21,"column":4},"end":{"line":33,"column":8}},"9":{"start":{"line":23,"column":21},"end":{"line":23,"column":50}},"10":{"start":{"line":24,"column":8},"end":{"line":24,"column":52}},"11":{"start":{"line":24,"column":19},"end":{"line":24,"column":52}},"12":{"start":{"line":26,"column":22},"end":{"line":26,"column":67}},"13":{"start":{"line":27,"column":8},"end":{"line":27,"column":52}},"14":{"start":{"line":27,"column":20},"end":{"line":27,"column":52}},"15":{"start":{"line":29,"column":29},"end":{"line":29,"column":60}},"16":{"start":{"line":30,"column":8},"end":{"line":30,"column":98}},"17":{"start":{"line":30,"column":42},"end":{"line":30,"column":98}}},"fnMap":{"0":{"name":"(anonymous_0)","decl":{"start":{"line":14,"column":17},"end":{"line":14,"column":18}},"loc":{"start":{"line":14,"column":47},"end":{"line":35,"column":1}},"line":14},"1":{"name":"(anonymous_1)","decl":{"start":{"line":21,"column":12},"end":{"line":21,"column":13}},"loc":{"start":{"line":21,"column":21},"end":{"line":33,"column":5}},"line":21}},"branchMap":{"0":{"loc":{"start":{"line":24,"column":8},"end":{"line":24,"column":52}},"type":"if","locations":[{"start":{"line":24,"column":8},"end":{"line":24,"column":52}},{"start":{"line":24,"column":8},"end":{"line":24,"column":52}}],"line":24},"1":{"loc":{"start":{"line":27,"column":8},"end":{"line":27,"column":52}},"type":"if","locations":[{"start":{"line":27,"column":8},"end":{"line":27,"column":52}},{"start":{"line":27,"column":8},"end":{"line":27,"column":52}}],"line":27},"2":{"loc":{"start":{"line":30,"column":8},"end":{"line":30,"column":98}},"type":"if","locations":[{"start":{"line":30,"column":8},"end":{"line":30,"column":98}},{"start":{"line":30,"column":8},"end":{"line":30,"column":98}}],"line":30}},"s":{"0":1,"1":1,"2":1,"3":1,"4":12,"5":9,"6":4,"7":4,"8":3,"9":3,"10":3,"11":1,"12":2,"13":2,"14":1,"15":1,"16":1,"17":0},"f":{"0":12,"1":3},"b":{"0":[1,2],"1":[1,1],"2":[0,1]},"_coverageSchema":"43e27e138ebf9cfc5966b082cf9a028302ed4184","hash":"bea76d2e35d92957ef27318c5cef5bf3edc8ade9","contentHash":"8671cea72b0b07f82ca3de95c868d22ba303743a65931b9ce3ad5e2dfe82a00c"},"/home/felipe/bootcamp/collab/skylab-bootcamp-201907/staff/felipe-fernandez/footcamp/footcamp-api/logic/user/update/index.js":{"path":"/home/felipe/bootcamp/collab/skylab-bootcamp-201907/staff/felipe-fernandez/footcamp/footcamp-api/logic/user/update/index.js","statementMap":{"0":{"start":{"line":1,"column":19},"end":{"line":1,"column":44}},"1":{"start":{"line":2,"column":29},"end":{"line":2,"column":53}},"2":{"start":{"line":13,"column":0},"end":{"line":24,"column":1}},"3":{"start":{"line":14,"column":4},"end":{"line":14,"column":29}},"4":{"start":{"line":16,"column":4},"end":{"line":23,"column":8}},"5":{"start":{"line":18,"column":21},"end":{"line":18,"column":78}},"6":{"start":{"line":20,"column":8},"end":{"line":20,"column":68}},"7":{"start":{"line":20,"column":19},"end":{"line":20,"column":68}}},"fnMap":{"0":{"name":"(anonymous_0)","decl":{"start":{"line":13,"column":17},"end":{"line":13,"column":18}},"loc":{"start":{"line":13,"column":46},"end":{"line":24,"column":1}},"line":13},"1":{"name":"(anonymous_1)","decl":{"start":{"line":16,"column":12},"end":{"line":16,"column":13}},"loc":{"start":{"line":16,"column":24},"end":{"line":23,"column":5}},"line":16}},"branchMap":{"0":{"loc":{"start":{"line":20,"column":8},"end":{"line":20,"column":68}},"type":"if","locations":[{"start":{"line":20,"column":8},"end":{"line":20,"column":68}},{"start":{"line":20,"column":8},"end":{"line":20,"column":68}}],"line":20}},"s":{"0":1,"1":1,"2":1,"3":5,"4":2,"5":2,"6":2,"7":1},"f":{"0":5,"1":2},"b":{"0":[1,1]},"_coverageSchema":"43e27e138ebf9cfc5966b082cf9a028302ed4184","hash":"5f454d7aaac8f49759a5c76c92496181a55ae627","contentHash":"f5f0b091c4c8866e98e436caa94abacc00e550af951666cfaa0cb4506437cd00"},"/home/felipe/bootcamp/collab/skylab-bootcamp-201907/staff/felipe-fernandez/footcamp/footcamp-api/logic/league/create/index.js":{"path":"/home/felipe/bootcamp/collab/skylab-bootcamp-201907/staff/felipe-fernandez/footcamp/footcamp-api/logic/league/create/index.js","statementMap":{"0":{"start":{"line":1,"column":19},"end":{"line":1,"column":44}},"1":{"start":{"line":2,"column":38},"end":{"line":2,"column":62}},"2":{"start":{"line":14,"column":0},"end":{"line":47,"column":1}},"3":{"start":{"line":16,"column":4},"end":{"line":16,"column":29}},"4":{"start":{"line":17,"column":4},"end":{"line":17,"column":33}},"5":{"start":{"line":18,"column":4},"end":{"line":18,"column":33}},"6":{"start":{"line":20,"column":4},"end":{"line":46,"column":8}},"7":{"start":{"line":23,"column":21},"end":{"line":23,"column":44}},"8":{"start":{"line":25,"column":8},"end":{"line":25,"column":72}},"9":{"start":{"line":25,"column":19},"end":{"line":25,"column":72}},"10":{"start":{"line":27,"column":24},"end":{"line":27,"column":54}},"11":{"start":{"line":29,"column":8},"end":{"line":29,"column":76}},"12":{"start":{"line":29,"column":21},"end":{"line":29,"column":76}},"13":{"start":{"line":31,"column":28},"end":{"line":31,"column":58}},"14":{"start":{"line":33,"column":8},"end":{"line":33,"column":58}},"15":{"start":{"line":33,"column":25},"end":{"line":33,"column":58}},"16":{"start":{"line":35,"column":23},"end":{"line":35,"column":47}},"17":{"start":{"line":36,"column":8},"end":{"line":36,"column":30}},"18":{"start":{"line":38,"column":8},"end":{"line":38,"column":36}},"19":{"start":{"line":39,"column":8},"end":{"line":39,"column":36}},"20":{"start":{"line":41,"column":8},"end":{"line":41,"column":25}},"21":{"start":{"line":42,"column":8},"end":{"line":42,"column":27}},"22":{"start":{"line":44,"column":8},"end":{"line":44,"column":24}}},"fnMap":{"0":{"name":"(anonymous_0)","decl":{"start":{"line":14,"column":17},"end":{"line":14,"column":18}},"loc":{"start":{"line":14,"column":42},"end":{"line":47,"column":1}},"line":14},"1":{"name":"(anonymous_1)","decl":{"start":{"line":20,"column":12},"end":{"line":20,"column":13}},"loc":{"start":{"line":20,"column":24},"end":{"line":46,"column":5}},"line":20}},"branchMap":{"0":{"loc":{"start":{"line":25,"column":8},"end":{"line":25,"column":72}},"type":"if","locations":[{"start":{"line":25,"column":8},"end":{"line":25,"column":72}},{"start":{"line":25,"column":8},"end":{"line":25,"column":72}}],"line":25},"1":{"loc":{"start":{"line":29,"column":8},"end":{"line":29,"column":76}},"type":"if","locations":[{"start":{"line":29,"column":8},"end":{"line":29,"column":76}},{"start":{"line":29,"column":8},"end":{"line":29,"column":76}}],"line":29},"2":{"loc":{"start":{"line":33,"column":8},"end":{"line":33,"column":58}},"type":"if","locations":[{"start":{"line":33,"column":8},"end":{"line":33,"column":58}},{"start":{"line":33,"column":8},"end":{"line":33,"column":58}}],"line":33}},"s":{"0":1,"1":1,"2":1,"3":11,"4":8,"5":5,"6":2,"7":2,"8":2,"9":0,"10":2,"11":2,"12":1,"13":1,"14":1,"15":0,"16":1,"17":1,"18":1,"19":1,"20":1,"21":1,"22":1},"f":{"0":11,"1":2},"b":{"0":[0,2],"1":[1,1],"2":[0,1]},"_coverageSchema":"43e27e138ebf9cfc5966b082cf9a028302ed4184","hash":"2bd2c8d87776ef64f7a40d9616c686f6c22481f4","contentHash":"f1aae856e00ba9836f6a5a116763b9b772ce97ce5143f2fdf0be9adb6e7d0ac9"},"/home/felipe/bootcamp/collab/skylab-bootcamp-201907/staff/felipe-fernandez/footcamp/footcamp-api/logic/league/join/index.js":{"path":"/home/felipe/bootcamp/collab/skylab-bootcamp-201907/staff/felipe-fernandez/footcamp/footcamp-api/logic/league/join/index.js","statementMap":{"0":{"start":{"line":1,"column":20},"end":{"line":1,"column":45}},"1":{"start":{"line":2,"column":38},"end":{"line":2,"column":62}},"2":{"start":{"line":13,"column":0},"end":{"line":42,"column":1}},"3":{"start":{"line":15,"column":4},"end":{"line":15,"column":29}},"4":{"start":{"line":16,"column":4},"end":{"line":16,"column":33}},"5":{"start":{"line":18,"column":4},"end":{"line":41,"column":8}},"6":{"start":{"line":20,"column":21},"end":{"line":20,"column":44}},"7":{"start":{"line":22,"column":8},"end":{"line":22,"column":72}},"8":{"start":{"line":22,"column":19},"end":{"line":22,"column":72}},"9":{"start":{"line":24,"column":23},"end":{"line":24,"column":53}},"10":{"start":{"line":26,"column":8},"end":{"line":26,"column":74}},"11":{"start":{"line":26,"column":21},"end":{"line":26,"column":74}},"12":{"start":{"line":28,"column":33},"end":{"line":28,"column":100}},"13":{"start":{"line":28,"column":72},"end":{"line":28,"column":99}},"14":{"start":{"line":30,"column":8},"end":{"line":30,"column":91}},"15":{"start":{"line":30,"column":29},"end":{"line":30,"column":91}},"16":{"start":{"line":32,"column":8},"end":{"line":32,"column":97}},"17":{"start":{"line":32,"column":46},"end":{"line":32,"column":97}},"18":{"start":{"line":34,"column":8},"end":{"line":34,"column":36}},"19":{"start":{"line":35,"column":8},"end":{"line":35,"column":36}},"20":{"start":{"line":36,"column":8},"end":{"line":36,"column":25}},"21":{"start":{"line":37,"column":8},"end":{"line":37,"column":27}},"22":{"start":{"line":39,"column":8},"end":{"line":39,"column":24}}},"fnMap":{"0":{"name":"(anonymous_0)","decl":{"start":{"line":13,"column":17},"end":{"line":13,"column":18}},"loc":{"start":{"line":13,"column":36},"end":{"line":42,"column":1}},"line":13},"1":{"name":"(anonymous_1)","decl":{"start":{"line":18,"column":12},"end":{"line":18,"column":13}},"loc":{"start":{"line":18,"column":24},"end":{"line":41,"column":5}},"line":18},"2":{"name":"(anonymous_2)","decl":{"start":{"line":28,"column":58},"end":{"line":28,"column":59}},"loc":{"start":{"line":28,"column":72},"end":{"line":28,"column":99}},"line":28}},"branchMap":{"0":{"loc":{"start":{"line":22,"column":8},"end":{"line":22,"column":72}},"type":"if","locations":[{"start":{"line":22,"column":8},"end":{"line":22,"column":72}},{"start":{"line":22,"column":8},"end":{"line":22,"column":72}}],"line":22},"1":{"loc":{"start":{"line":26,"column":8},"end":{"line":26,"column":74}},"type":"if","locations":[{"start":{"line":26,"column":8},"end":{"line":26,"column":74}},{"start":{"line":26,"column":8},"end":{"line":26,"column":74}}],"line":26},"2":{"loc":{"start":{"line":30,"column":8},"end":{"line":30,"column":91}},"type":"if","locations":[{"start":{"line":30,"column":8},"end":{"line":30,"column":91}},{"start":{"line":30,"column":8},"end":{"line":30,"column":91}}],"line":30},"3":{"loc":{"start":{"line":32,"column":8},"end":{"line":32,"column":97}},"type":"if","locations":[{"start":{"line":32,"column":8},"end":{"line":32,"column":97}},{"start":{"line":32,"column":8},"end":{"line":32,"column":97}}],"line":32}},"s":{"0":1,"1":1,"2":1,"3":10,"4":7,"5":4,"6":4,"7":4,"8":1,"9":3,"10":3,"11":1,"12":2,"13":0,"14":2,"15":0,"16":2,"17":0,"18":2,"19":2,"20":2,"21":2,"22":2},"f":{"0":10,"1":4,"2":0},"b":{"0":[1,3],"1":[1,2],"2":[0,2],"3":[0,2]},"_coverageSchema":"43e27e138ebf9cfc5966b082cf9a028302ed4184","hash":"096e261e6cc4396c7ac381521f2ef7229fb0ee73","contentHash":"aae4d13bb1c04ee05272fde5feb6330138dbf3cbded1622a1d1ec06b8f1399cf"},"/home/felipe/bootcamp/collab/skylab-bootcamp-201907/staff/felipe-fernandez/footcamp/footcamp-api/logic/league/leave/index.js":{"path":"/home/felipe/bootcamp/collab/skylab-bootcamp-201907/staff/felipe-fernandez/footcamp/footcamp-api/logic/league/leave/index.js","statementMap":{"0":{"start":{"line":1,"column":19},"end":{"line":1,"column":44}},"1":{"start":{"line":2,"column":37},"end":{"line":2,"column":61}},"2":{"start":{"line":13,"column":0},"end":{"line":46,"column":1}},"3":{"start":{"line":15,"column":4},"end":{"line":15,"column":34}},"4":{"start":{"line":16,"column":4},"end":{"line":16,"column":42}},"5":{"start":{"line":19,"column":4},"end":{"line":44,"column":8}},"6":{"start":{"line":21,"column":21},"end":{"line":21,"column":44}},"7":{"start":{"line":23,"column":8},"end":{"line":23,"column":72}},"8":{"start":{"line":23,"column":19},"end":{"line":23,"column":72}},"9":{"start":{"line":25,"column":23},"end":{"line":25,"column":62}},"10":{"start":{"line":27,"column":8},"end":{"line":27,"column":76}},"11":{"start":{"line":27,"column":21},"end":{"line":27,"column":76}},"12":{"start":{"line":29,"column":33},"end":{"line":29,"column":100}},"13":{"start":{"line":29,"column":72},"end":{"line":29,"column":99}},"14":{"start":{"line":31,"column":38},"end":{"line":31,"column":110}},"15":{"start":{"line":31,"column":82},"end":{"line":31,"column":109}},"16":{"start":{"line":33,"column":8},"end":{"line":33,"column":90}},"17":{"start":{"line":33,"column":30},"end":{"line":33,"column":90}},"18":{"start":{"line":34,"column":8},"end":{"line":34,"column":60}},"19":{"start":{"line":36,"column":28},"end":{"line":36,"column":81}},"20":{"start":{"line":36,"column":60},"end":{"line":36,"column":80}},"21":{"start":{"line":38,"column":8},"end":{"line":38,"column":73}},"22":{"start":{"line":38,"column":25},"end":{"line":38,"column":73}},"23":{"start":{"line":39,"column":8},"end":{"line":39,"column":43}},"24":{"start":{"line":41,"column":8},"end":{"line":41,"column":25}},"25":{"start":{"line":42,"column":8},"end":{"line":42,"column":27}}},"fnMap":{"0":{"name":"(anonymous_0)","decl":{"start":{"line":13,"column":17},"end":{"line":13,"column":18}},"loc":{"start":{"line":13,"column":40},"end":{"line":46,"column":1}},"line":13},"1":{"name":"(anonymous_1)","decl":{"start":{"line":19,"column":12},"end":{"line":19,"column":13}},"loc":{"start":{"line":19,"column":21},"end":{"line":44,"column":5}},"line":19},"2":{"name":"(anonymous_2)","decl":{"start":{"line":29,"column":58},"end":{"line":29,"column":59}},"loc":{"start":{"line":29,"column":72},"end":{"line":29,"column":99}},"line":29},"3":{"name":"(anonymous_3)","decl":{"start":{"line":31,"column":68},"end":{"line":31,"column":69}},"loc":{"start":{"line":31,"column":82},"end":{"line":31,"column":109}},"line":31},"4":{"name":"(anonymous_4)","decl":{"start":{"line":36,"column":51},"end":{"line":36,"column":52}},"loc":{"start":{"line":36,"column":60},"end":{"line":36,"column":80}},"line":36}},"branchMap":{"0":{"loc":{"start":{"line":23,"column":8},"end":{"line":23,"column":72}},"type":"if","locations":[{"start":{"line":23,"column":8},"end":{"line":23,"column":72}},{"start":{"line":23,"column":8},"end":{"line":23,"column":72}}],"line":23},"1":{"loc":{"start":{"line":27,"column":8},"end":{"line":27,"column":76}},"type":"if","locations":[{"start":{"line":27,"column":8},"end":{"line":27,"column":76}},{"start":{"line":27,"column":8},"end":{"line":27,"column":76}}],"line":27},"2":{"loc":{"start":{"line":33,"column":8},"end":{"line":33,"column":90}},"type":"if","locations":[{"start":{"line":33,"column":8},"end":{"line":33,"column":90}},{"start":{"line":33,"column":8},"end":{"line":33,"column":90}}],"line":33},"3":{"loc":{"start":{"line":38,"column":8},"end":{"line":38,"column":73}},"type":"if","locations":[{"start":{"line":38,"column":8},"end":{"line":38,"column":73}},{"start":{"line":38,"column":8},"end":{"line":38,"column":73}}],"line":38}},"s":{"0":1,"1":1,"2":1,"3":9,"4":6,"5":3,"6":3,"7":3,"8":1,"9":2,"10":2,"11":1,"12":1,"13":1,"14":1,"15":1,"16":1,"17":0,"18":1,"19":1,"20":0,"21":1,"22":0,"23":1,"24":1,"25":1},"f":{"0":9,"1":3,"2":1,"3":1,"4":0},"b":{"0":[1,2],"1":[1,1],"2":[0,1],"3":[0,1]},"_coverageSchema":"43e27e138ebf9cfc5966b082cf9a028302ed4184","hash":"a8839c87178a2e5bff47a2057b5757f6efb887b1","contentHash":"16f593fce5b24d9a252015603ba80cb6957592ffc1821a1c5817c32536198452"},"/home/felipe/bootcamp/collab/skylab-bootcamp-201907/staff/felipe-fernandez/footcamp/footcamp-api/logic/league/retrieve-all/index.js":{"path":"/home/felipe/bootcamp/collab/skylab-bootcamp-201907/staff/felipe-fernandez/footcamp/footcamp-api/logic/league/retrieve-all/index.js","statementMap":{"0":{"start":{"line":1,"column":19},"end":{"line":1,"column":44}},"1":{"start":{"line":2,"column":44},"end":{"line":2,"column":68}},"2":{"start":{"line":13,"column":0},"end":{"line":31,"column":1}},"3":{"start":{"line":15,"column":4},"end":{"line":15,"column":29}},"4":{"start":{"line":17,"column":4},"end":{"line":30,"column":8}},"5":{"start":{"line":19,"column":21},"end":{"line":19,"column":44}},"6":{"start":{"line":21,"column":8},"end":{"line":21,"column":71}},"7":{"start":{"line":21,"column":19},"end":{"line":21,"column":71}},"8":{"start":{"line":23,"column":24},"end":{"line":23,"column":77}},"9":{"start":{"line":23,"column":69},"end":{"line":23,"column":75}},"10":{"start":{"line":26,"column":8},"end":{"line":26,"column":25}},"11":{"start":{"line":28,"column":8},"end":{"line":28,"column":25}}},"fnMap":{"0":{"name":"(anonymous_0)","decl":{"start":{"line":13,"column":17},"end":{"line":13,"column":18}},"loc":{"start":{"line":13,"column":30},"end":{"line":31,"column":1}},"line":13},"1":{"name":"(anonymous_1)","decl":{"start":{"line":17,"column":12},"end":{"line":17,"column":13}},"loc":{"start":{"line":17,"column":24},"end":{"line":30,"column":5}},"line":17},"2":{"name":"(anonymous_2)","decl":{"start":{"line":23,"column":59},"end":{"line":23,"column":60}},"loc":{"start":{"line":23,"column":69},"end":{"line":23,"column":75}},"line":23}},"branchMap":{"0":{"loc":{"start":{"line":21,"column":8},"end":{"line":21,"column":71}},"type":"if","locations":[{"start":{"line":21,"column":8},"end":{"line":21,"column":71}},{"start":{"line":21,"column":8},"end":{"line":21,"column":71}}],"line":21}},"s":{"0":1,"1":1,"2":1,"3":6,"4":3,"5":3,"6":3,"7":1,"8":2,"9":2,"10":2,"11":2},"f":{"0":6,"1":3,"2":2},"b":{"0":[1,2]},"_coverageSchema":"43e27e138ebf9cfc5966b082cf9a028302ed4184","hash":"e1952f0f27fd5b952cc56543be896f0edd2893ae","contentHash":"3ea0ea644a873c5f86e06f23ff8864d0d401d25184210d2b7a4a6d23418acdc7"},"/home/felipe/bootcamp/collab/skylab-bootcamp-201907/staff/felipe-fernandez/footcamp/footcamp-api/logic/league/retrieve/index.js":{"path":"/home/felipe/bootcamp/collab/skylab-bootcamp-201907/staff/felipe-fernandez/footcamp/footcamp-api/logic/league/retrieve/index.js","statementMap":{"0":{"start":{"line":1,"column":20},"end":{"line":1,"column":45}},"1":{"start":{"line":2,"column":38},"end":{"line":2,"column":62}},"2":{"start":{"line":13,"column":0},"end":{"line":49,"column":1}},"3":{"start":{"line":16,"column":4},"end":{"line":16,"column":29}},"4":{"start":{"line":17,"column":4},"end":{"line":17,"column":42}},"5":{"start":{"line":19,"column":4},"end":{"line":48,"column":8}},"6":{"start":{"line":21,"column":21},"end":{"line":21,"column":44}},"7":{"start":{"line":23,"column":8},"end":{"line":23,"column":71}},"8":{"start":{"line":23,"column":19},"end":{"line":23,"column":71}},"9":{"start":{"line":25,"column":24},"end":{"line":25,"column":61}},"10":{"start":{"line":27,"column":8},"end":{"line":27,"column":80}},"11":{"start":{"line":27,"column":22},"end":{"line":27,"column":80}},"12":{"start":{"line":32,"column":27},"end":{"line":32,"column":29}},"13":{"start":{"line":34,"column":8},"end":{"line":34,"column":26}},"14":{"start":{"line":35,"column":8},"end":{"line":35,"column":28}},"15":{"start":{"line":36,"column":8},"end":{"line":36,"column":23}},"16":{"start":{"line":37,"column":8},"end":{"line":40,"column":10}},"17":{"start":{"line":38,"column":12},"end":{"line":38,"column":49}},"18":{"start":{"line":42,"column":8},"end":{"line":42,"column":28}},"19":{"start":{"line":44,"column":21},"end":{"line":44,"column":66}},"20":{"start":{"line":46,"column":8},"end":{"line":46,"column":21}}},"fnMap":{"0":{"name":"(anonymous_0)","decl":{"start":{"line":13,"column":17},"end":{"line":13,"column":18}},"loc":{"start":{"line":13,"column":40},"end":{"line":49,"column":1}},"line":13},"1":{"name":"(anonymous_1)","decl":{"start":{"line":19,"column":12},"end":{"line":19,"column":13}},"loc":{"start":{"line":19,"column":24},"end":{"line":48,"column":5}},"line":19},"2":{"name":"(anonymous_2)","decl":{"start":{"line":37,"column":37},"end":{"line":37,"column":38}},"loc":{"start":{"line":37,"column":48},"end":{"line":40,"column":9}},"line":37}},"branchMap":{"0":{"loc":{"start":{"line":23,"column":8},"end":{"line":23,"column":71}},"type":"if","locations":[{"start":{"line":23,"column":8},"end":{"line":23,"column":71}},{"start":{"line":23,"column":8},"end":{"line":23,"column":71}}],"line":23},"1":{"loc":{"start":{"line":27,"column":8},"end":{"line":27,"column":80}},"type":"if","locations":[{"start":{"line":27,"column":8},"end":{"line":27,"column":80}},{"start":{"line":27,"column":8},"end":{"line":27,"column":80}}],"line":27}},"s":{"0":1,"1":1,"2":1,"3":9,"4":6,"5":3,"6":3,"7":3,"8":1,"9":2,"10":2,"11":1,"12":1,"13":1,"14":1,"15":1,"16":1,"17":2,"18":1,"19":1,"20":1},"f":{"0":9,"1":3,"2":2},"b":{"0":[1,2],"1":[1,1]},"_coverageSchema":"43e27e138ebf9cfc5966b082cf9a028302ed4184","hash":"f0d403c7a06bb7d30e4c3cea589f37287e408524","contentHash":"254eac6c3d4b12acc52fd34021ce3689b813de02384633fe0c5d1ffd6800d757"},"/home/felipe/bootcamp/collab/skylab-bootcamp-201907/staff/felipe-fernandez/footcamp/footcamp-api/logic/league/retrieve-table/index.js":{"path":"/home/felipe/bootcamp/collab/skylab-bootcamp-201907/staff/felipe-fernandez/footcamp/footcamp-api/logic/league/retrieve-table/index.js","statementMap":{"0":{"start":{"line":1,"column":19},"end":{"line":1,"column":44}},"1":{"start":{"line":2,"column":52},"end":{"line":2,"column":76}},"2":{"start":{"line":14,"column":0},"end":{"line":55,"column":1}},"3":{"start":{"line":16,"column":4},"end":{"line":16,"column":29}},"4":{"start":{"line":17,"column":4},"end":{"line":17,"column":42}},"5":{"start":{"line":19,"column":4},"end":{"line":54,"column":8}},"6":{"start":{"line":21,"column":21},"end":{"line":21,"column":44}},"7":{"start":{"line":23,"column":8},"end":{"line":23,"column":71}},"8":{"start":{"line":23,"column":19},"end":{"line":23,"column":71}},"9":{"start":{"line":25,"column":23},"end":{"line":25,"column":62}},"10":{"start":{"line":27,"column":22},"end":{"line":27,"column":107}},"11":{"start":{"line":29,"column":8},"end":{"line":29,"column":79}},"12":{"start":{"line":29,"column":21},"end":{"line":29,"column":79}},"13":{"start":{"line":31,"column":23},"end":{"line":31,"column":25}},"14":{"start":{"line":33,"column":21},"end":{"line":33,"column":22}},"15":{"start":{"line":37,"column":8},"end":{"line":50,"column":9}},"16":{"start":{"line":38,"column":12},"end":{"line":38,"column":100}},"17":{"start":{"line":39,"column":24},"end":{"line":47,"column":13}},"18":{"start":{"line":43,"column":20},"end":{"line":43,"column":47}},"19":{"start":{"line":48,"column":12},"end":{"line":48,"column":20}},"20":{"start":{"line":49,"column":12},"end":{"line":49,"column":31}},"21":{"start":{"line":52,"column":8},"end":{"line":52,"column":23}}},"fnMap":{"0":{"name":"(anonymous_0)","decl":{"start":{"line":14,"column":17},"end":{"line":14,"column":18}},"loc":{"start":{"line":14,"column":40},"end":{"line":55,"column":1}},"line":14},"1":{"name":"(anonymous_1)","decl":{"start":{"line":19,"column":12},"end":{"line":19,"column":13}},"loc":{"start":{"line":19,"column":24},"end":{"line":54,"column":5}},"line":19},"2":{"name":"(anonymous_2)","decl":{"start":{"line":42,"column":46},"end":{"line":42,"column":47}},"loc":{"start":{"line":42,"column":55},"end":{"line":44,"column":17}},"line":42}},"branchMap":{"0":{"loc":{"start":{"line":23,"column":8},"end":{"line":23,"column":71}},"type":"if","locations":[{"start":{"line":23,"column":8},"end":{"line":23,"column":71}},{"start":{"line":23,"column":8},"end":{"line":23,"column":71}}],"line":23},"1":{"loc":{"start":{"line":29,"column":8},"end":{"line":29,"column":79}},"type":"if","locations":[{"start":{"line":29,"column":8},"end":{"line":29,"column":79}},{"start":{"line":29,"column":8},"end":{"line":29,"column":79}}],"line":29}},"s":{"0":1,"1":1,"2":1,"3":9,"4":6,"5":3,"6":3,"7":3,"8":1,"9":2,"10":2,"11":2,"12":1,"13":1,"14":1,"15":1,"16":2,"17":2,"18":3,"19":2,"20":2,"21":1},"f":{"0":9,"1":3,"2":3},"b":{"0":[1,2],"1":[1,1]},"_coverageSchema":"43e27e138ebf9cfc5966b082cf9a028302ed4184","hash":"bf7273ad9b38f1ca0b5ce263617c36a2037addba","contentHash":"8c0cd86de09fa1bab4f57308f0069cc8c79b17584a791575142aaa77116dc727"},"/home/felipe/bootcamp/collab/skylab-bootcamp-201907/staff/felipe-fernandez/footcamp/footcamp-api/logic/team/create/index.js":{"path":"/home/felipe/bootcamp/collab/skylab-bootcamp-201907/staff/felipe-fernandez/footcamp/footcamp-api/logic/team/create/index.js","statementMap":{"0":{"start":{"line":1,"column":19},"end":{"line":1,"column":44}},"1":{"start":{"line":2,"column":52},"end":{"line":2,"column":76}},"2":{"start":{"line":15,"column":0},"end":{"line":146,"column":1}},"3":{"start":{"line":17,"column":4},"end":{"line":17,"column":29}},"4":{"start":{"line":18,"column":4},"end":{"line":18,"column":41}},"5":{"start":{"line":19,"column":4},"end":{"line":19,"column":33}},"6":{"start":{"line":21,"column":4},"end":{"line":145,"column":8}},"7":{"start":{"line":23,"column":21},"end":{"line":23,"column":44}},"8":{"start":{"line":25,"column":8},"end":{"line":25,"column":71}},"9":{"start":{"line":25,"column":19},"end":{"line":25,"column":71}},"10":{"start":{"line":27,"column":23},"end":{"line":27,"column":62}},"11":{"start":{"line":29,"column":8},"end":{"line":29,"column":85}},"12":{"start":{"line":29,"column":21},"end":{"line":29,"column":85}},"13":{"start":{"line":31,"column":25},"end":{"line":31,"column":53}},"14":{"start":{"line":33,"column":8},"end":{"line":33,"column":75}},"15":{"start":{"line":33,"column":22},"end":{"line":33,"column":75}},"16":{"start":{"line":36,"column":8},"end":{"line":36,"column":120}},"17":{"start":{"line":36,"column":54},"end":{"line":36,"column":120}},"18":{"start":{"line":39,"column":21},"end":{"line":39,"column":37}},"19":{"start":{"line":42,"column":8},"end":{"line":42,"column":23}},"20":{"start":{"line":45,"column":24},"end":{"line":45,"column":52}},"21":{"start":{"line":47,"column":25},"end":{"line":47,"column":27}},"22":{"start":{"line":47,"column":40},"end":{"line":47,"column":42}},"23":{"start":{"line":47,"column":55},"end":{"line":47,"column":57}},"24":{"start":{"line":47,"column":69},"end":{"line":47,"column":71}},"25":{"start":{"line":52,"column":28},"end":{"line":52,"column":88}},"26":{"start":{"line":52,"column":53},"end":{"line":52,"column":74}},"27":{"start":{"line":53,"column":26},"end":{"line":53,"column":87}},"28":{"start":{"line":53,"column":51},"end":{"line":53,"column":72}},"29":{"start":{"line":54,"column":28},"end":{"line":54,"column":89}},"30":{"start":{"line":54,"column":53},"end":{"line":54,"column":74}},"31":{"start":{"line":55,"column":25},"end":{"line":55,"column":86}},"32":{"start":{"line":55,"column":50},"end":{"line":55,"column":71}},"33":{"start":{"line":59,"column":8},"end":{"line":69,"column":9}},"34":{"start":{"line":59,"column":19},"end":{"line":59,"column":20}},"35":{"start":{"line":61,"column":12},"end":{"line":64,"column":26}},"36":{"start":{"line":62,"column":16},"end":{"line":62,"column":84}},"37":{"start":{"line":63,"column":16},"end":{"line":63,"column":86}},"38":{"start":{"line":63,"column":58},"end":{"line":63,"column":85}},"39":{"start":{"line":65,"column":16},"end":{"line":65,"column":39}},"40":{"start":{"line":67,"column":16},"end":{"line":67,"column":47}},"41":{"start":{"line":68,"column":16},"end":{"line":68,"column":29}},"42":{"start":{"line":73,"column":8},"end":{"line":82,"column":9}},"43":{"start":{"line":73,"column":19},"end":{"line":73,"column":20}},"44":{"start":{"line":74,"column":12},"end":{"line":77,"column":26}},"45":{"start":{"line":75,"column":16},"end":{"line":75,"column":77}},"46":{"start":{"line":76,"column":16},"end":{"line":76,"column":84}},"47":{"start":{"line":76,"column":59},"end":{"line":76,"column":83}},"48":{"start":{"line":78,"column":16},"end":{"line":78,"column":34}},"49":{"start":{"line":79,"column":16},"end":{"line":79,"column":44}},"50":{"start":{"line":80,"column":16},"end":{"line":80,"column":30}},"51":{"start":{"line":86,"column":8},"end":{"line":95,"column":9}},"52":{"start":{"line":86,"column":19},"end":{"line":86,"column":20}},"53":{"start":{"line":87,"column":12},"end":{"line":91,"column":26}},"54":{"start":{"line":89,"column":14},"end":{"line":89,"column":79}},"55":{"start":{"line":90,"column":14},"end":{"line":90,"column":82}},"56":{"start":{"line":90,"column":57},"end":{"line":90,"column":81}},"57":{"start":{"line":92,"column":16},"end":{"line":92,"column":36}},"58":{"start":{"line":93,"column":16},"end":{"line":93,"column":44}},"59":{"start":{"line":94,"column":16},"end":{"line":94,"column":30}},"60":{"start":{"line":98,"column":9},"end":{"line":107,"column":9}},"61":{"start":{"line":98,"column":20},"end":{"line":98,"column":21}},"62":{"start":{"line":99,"column":12},"end":{"line":102,"column":26}},"63":{"start":{"line":100,"column":17},"end":{"line":100,"column":79}},"64":{"start":{"line":101,"column":17},"end":{"line":101,"column":88}},"65":{"start":{"line":101,"column":60},"end":{"line":101,"column":87}},"66":{"start":{"line":103,"column":16},"end":{"line":103,"column":36}},"67":{"start":{"line":104,"column":16},"end":{"line":104,"column":47}},"68":{"start":{"line":105,"column":16},"end":{"line":105,"column":30}},"69":{"start":{"line":110,"column":28},"end":{"line":110,"column":30}},"70":{"start":{"line":110,"column":44},"end":{"line":110,"column":46}},"71":{"start":{"line":110,"column":62},"end":{"line":110,"column":64}},"72":{"start":{"line":110,"column":78},"end":{"line":110,"column":80}},"73":{"start":{"line":111,"column":8},"end":{"line":111,"column":73}},"74":{"start":{"line":111,"column":51},"end":{"line":111,"column":72}},"75":{"start":{"line":112,"column":8},"end":{"line":112,"column":70}},"76":{"start":{"line":112,"column":47},"end":{"line":112,"column":68}},"77":{"start":{"line":113,"column":8},"end":{"line":113,"column":73}},"78":{"start":{"line":113,"column":51},"end":{"line":113,"column":72}},"79":{"start":{"line":114,"column":8},"end":{"line":114,"column":66}},"80":{"start":{"line":114,"column":44},"end":{"line":114,"column":65}},"81":{"start":{"line":117,"column":23},"end":{"line":117,"column":90}},"82":{"start":{"line":120,"column":8},"end":{"line":122,"column":10}},"83":{"start":{"line":121,"column":12},"end":{"line":121,"column":38}},"84":{"start":{"line":129,"column":8},"end":{"line":129,"column":24}},"85":{"start":{"line":130,"column":8},"end":{"line":130,"column":30}},"86":{"start":{"line":131,"column":8},"end":{"line":131,"column":23}},"87":{"start":{"line":133,"column":8},"end":{"line":133,"column":25}},"88":{"start":{"line":134,"column":8},"end":{"line":134,"column":27}},"89":{"start":{"line":136,"column":26},"end":{"line":140,"column":9}},"90":{"start":{"line":141,"column":8},"end":{"line":141,"column":26}}},"fnMap":{"0":{"name":"(anonymous_0)","decl":{"start":{"line":15,"column":17},"end":{"line":15,"column":18}},"loc":{"start":{"line":15,"column":46},"end":{"line":146,"column":1}},"line":15},"1":{"name":"(anonymous_1)","decl":{"start":{"line":21,"column":12},"end":{"line":21,"column":13}},"loc":{"start":{"line":21,"column":24},"end":{"line":145,"column":5}},"line":21},"2":{"name":"(anonymous_2)","decl":{"start":{"line":52,"column":43},"end":{"line":52,"column":44}},"loc":{"start":{"line":52,"column":53},"end":{"line":52,"column":74}},"line":52},"3":{"name":"(anonymous_3)","decl":{"start":{"line":53,"column":41},"end":{"line":53,"column":42}},"loc":{"start":{"line":53,"column":51},"end":{"line":53,"column":72}},"line":53},"4":{"name":"(anonymous_4)","decl":{"start":{"line":54,"column":43},"end":{"line":54,"column":44}},"loc":{"start":{"line":54,"column":53},"end":{"line":54,"column":74}},"line":54},"5":{"name":"(anonymous_5)","decl":{"start":{"line":55,"column":40},"end":{"line":55,"column":41}},"loc":{"start":{"line":55,"column":50},"end":{"line":55,"column":71}},"line":55},"6":{"name":"(anonymous_6)","decl":{"start":{"line":63,"column":48},"end":{"line":63,"column":49}},"loc":{"start":{"line":63,"column":58},"end":{"line":63,"column":85}},"line":63},"7":{"name":"(anonymous_7)","decl":{"start":{"line":76,"column":49},"end":{"line":76,"column":50}},"loc":{"start":{"line":76,"column":59},"end":{"line":76,"column":83}},"line":76},"8":{"name":"(anonymous_8)","decl":{"start":{"line":90,"column":47},"end":{"line":90,"column":48}},"loc":{"start":{"line":90,"column":57},"end":{"line":90,"column":81}},"line":90},"9":{"name":"(anonymous_9)","decl":{"start":{"line":101,"column":50},"end":{"line":101,"column":51}},"loc":{"start":{"line":101,"column":60},"end":{"line":101,"column":87}},"line":101},"10":{"name":"(anonymous_10)","decl":{"start":{"line":111,"column":39},"end":{"line":111,"column":40}},"loc":{"start":{"line":111,"column":51},"end":{"line":111,"column":72}},"line":111},"11":{"name":"(anonymous_11)","decl":{"start":{"line":112,"column":35},"end":{"line":112,"column":36}},"loc":{"start":{"line":112,"column":47},"end":{"line":112,"column":68}},"line":112},"12":{"name":"(anonymous_12)","decl":{"start":{"line":113,"column":39},"end":{"line":113,"column":40}},"loc":{"start":{"line":113,"column":51},"end":{"line":113,"column":72}},"line":113},"13":{"name":"(anonymous_13)","decl":{"start":{"line":114,"column":33},"end":{"line":114,"column":34}},"loc":{"start":{"line":114,"column":44},"end":{"line":114,"column":65}},"line":114},"14":{"name":"(anonymous_14)","decl":{"start":{"line":120,"column":28},"end":{"line":120,"column":29}},"loc":{"start":{"line":120,"column":41},"end":{"line":122,"column":9}},"line":120}},"branchMap":{"0":{"loc":{"start":{"line":25,"column":8},"end":{"line":25,"column":71}},"type":"if","locations":[{"start":{"line":25,"column":8},"end":{"line":25,"column":71}},{"start":{"line":25,"column":8},"end":{"line":25,"column":71}}],"line":25},"1":{"loc":{"start":{"line":29,"column":8},"end":{"line":29,"column":85}},"type":"if","locations":[{"start":{"line":29,"column":8},"end":{"line":29,"column":85}},{"start":{"line":29,"column":8},"end":{"line":29,"column":85}}],"line":29},"2":{"loc":{"start":{"line":33,"column":8},"end":{"line":33,"column":75}},"type":"if","locations":[{"start":{"line":33,"column":8},"end":{"line":33,"column":75}},{"start":{"line":33,"column":8},"end":{"line":33,"column":75}}],"line":33},"3":{"loc":{"start":{"line":36,"column":8},"end":{"line":36,"column":120}},"type":"if","locations":[{"start":{"line":36,"column":8},"end":{"line":36,"column":120}},{"start":{"line":36,"column":8},"end":{"line":36,"column":120}}],"line":36}},"s":{"0":1,"1":1,"2":1,"3":13,"4":10,"5":7,"6":4,"7":4,"8":4,"9":1,"10":3,"11":3,"12":1,"13":2,"14":2,"15":1,"16":1,"17":0,"18":1,"19":1,"20":1,"21":1,"22":1,"23":1,"24":1,"25":1,"26":1188,"27":1,"28":1188,"29":1,"30":1188,"31":1,"32":1188,"33":1,"34":1,"35":2,"36":2,"37":2,"38":1,"39":2,"40":2,"41":2,"42":1,"43":1,"44":6,"45":6,"46":6,"47":27,"48":6,"49":6,"50":6,"51":1,"52":1,"53":6,"54":6,"55":6,"56":63,"57":6,"58":6,"59":6,"60":1,"61":1,"62":4,"63":4,"64":4,"65":62,"66":4,"67":4,"68":4,"69":1,"70":1,"71":1,"72":1,"73":1,"74":2,"75":1,"76":6,"77":1,"78":6,"79":1,"80":4,"81":1,"82":1,"83":18,"84":1,"85":1,"86":1,"87":1,"88":1,"89":1,"90":1},"f":{"0":13,"1":4,"2":1188,"3":1188,"4":1188,"5":1188,"6":1,"7":27,"8":63,"9":62,"10":2,"11":6,"12":6,"13":4,"14":18},"b":{"0":[1,3],"1":[1,2],"2":[1,1],"3":[0,1]},"_coverageSchema":"43e27e138ebf9cfc5966b082cf9a028302ed4184","hash":"8886b48ab8c7d86b53088601077d79b5f2c8d980","contentHash":"20f352c2589aac91db5e4230c92e9596858a8739cd344dbd83663a2c82f16589"},"/home/felipe/bootcamp/collab/skylab-bootcamp-201907/staff/felipe-fernandez/footcamp/footcamp-api/logic/team/retrieve/index.js":{"path":"/home/felipe/bootcamp/collab/skylab-bootcamp-201907/staff/felipe-fernandez/footcamp/footcamp-api/logic/team/retrieve/index.js","statementMap":{"0":{"start":{"line":1,"column":19},"end":{"line":1,"column":44}},"1":{"start":{"line":2,"column":44},"end":{"line":2,"column":68}},"2":{"start":{"line":15,"column":0},"end":{"line":52,"column":1}},"3":{"start":{"line":17,"column":4},"end":{"line":17,"column":29}},"4":{"start":{"line":18,"column":4},"end":{"line":18,"column":42}},"5":{"start":{"line":19,"column":4},"end":{"line":19,"column":38}},"6":{"start":{"line":21,"column":4},"end":{"line":51,"column":8}},"7":{"start":{"line":23,"column":21},"end":{"line":23,"column":44}},"8":{"start":{"line":25,"column":8},"end":{"line":25,"column":71}},"9":{"start":{"line":25,"column":19},"end":{"line":25,"column":71}},"10":{"start":{"line":27,"column":23},"end":{"line":27,"column":62}},"11":{"start":{"line":29,"column":8},"end":{"line":29,"column":79}},"12":{"start":{"line":29,"column":21},"end":{"line":29,"column":79}},"13":{"start":{"line":31,"column":25},"end":{"line":31,"column":59}},"14":{"start":{"line":33,"column":8},"end":{"line":33,"column":77}},"15":{"start":{"line":33,"column":23},"end":{"line":33,"column":77}},"16":{"start":{"line":37,"column":22},"end":{"line":37,"column":24}},"17":{"start":{"line":39,"column":8},"end":{"line":39,"column":32}},"18":{"start":{"line":40,"column":8},"end":{"line":40,"column":32}},"19":{"start":{"line":41,"column":8},"end":{"line":41,"column":41}},"20":{"start":{"line":42,"column":8},"end":{"line":45,"column":10}},"21":{"start":{"line":43,"column":12},"end":{"line":43,"column":44}},"22":{"start":{"line":47,"column":19},"end":{"line":47,"column":55}},"23":{"start":{"line":49,"column":8},"end":{"line":49,"column":19}}},"fnMap":{"0":{"name":"(anonymous_0)","decl":{"start":{"line":15,"column":17},"end":{"line":15,"column":18}},"loc":{"start":{"line":15,"column":49},"end":{"line":52,"column":1}},"line":15},"1":{"name":"(anonymous_1)","decl":{"start":{"line":21,"column":12},"end":{"line":21,"column":13}},"loc":{"start":{"line":21,"column":24},"end":{"line":51,"column":5}},"line":21},"2":{"name":"(anonymous_2)","decl":{"start":{"line":42,"column":33},"end":{"line":42,"column":34}},"loc":{"start":{"line":42,"column":44},"end":{"line":45,"column":9}},"line":42}},"branchMap":{"0":{"loc":{"start":{"line":25,"column":8},"end":{"line":25,"column":71}},"type":"if","locations":[{"start":{"line":25,"column":8},"end":{"line":25,"column":71}},{"start":{"line":25,"column":8},"end":{"line":25,"column":71}}],"line":25},"1":{"loc":{"start":{"line":29,"column":8},"end":{"line":29,"column":79}},"type":"if","locations":[{"start":{"line":29,"column":8},"end":{"line":29,"column":79}},{"start":{"line":29,"column":8},"end":{"line":29,"column":79}}],"line":29},"2":{"loc":{"start":{"line":33,"column":8},"end":{"line":33,"column":77}},"type":"if","locations":[{"start":{"line":33,"column":8},"end":{"line":33,"column":77}},{"start":{"line":33,"column":8},"end":{"line":33,"column":77}}],"line":33}},"s":{"0":1,"1":1,"2":1,"3":14,"4":11,"5":8,"6":4,"7":4,"8":4,"9":1,"10":3,"11":3,"12":1,"13":2,"14":2,"15":1,"16":1,"17":1,"18":1,"19":1,"20":1,"21":2,"22":1,"23":1},"f":{"0":14,"1":4,"2":2},"b":{"0":[1,3],"1":[1,2],"2":[1,1]},"_coverageSchema":"43e27e138ebf9cfc5966b082cf9a028302ed4184","hash":"1f8be8059d502713989757c9dde219943d864b57","contentHash":"b07c6f0e1c41f8f646331c7666ccc6d74470fbc60775a1e27075c3db873634c8"},"/home/felipe/bootcamp/collab/skylab-bootcamp-201907/staff/felipe-fernandez/footcamp/footcamp-api/logic/team/team-lineup/index.js":{"path":"/home/felipe/bootcamp/collab/skylab-bootcamp-201907/staff/felipe-fernandez/footcamp/footcamp-api/logic/team/team-lineup/index.js","statementMap":{"0":{"start":{"line":1,"column":19},"end":{"line":1,"column":44}},"1":{"start":{"line":2,"column":53},"end":{"line":2,"column":77}},"2":{"start":{"line":15,"column":0},"end":{"line":72,"column":1}},"3":{"start":{"line":17,"column":4},"end":{"line":17,"column":29}},"4":{"start":{"line":18,"column":4},"end":{"line":18,"column":42}},"5":{"start":{"line":19,"column":4},"end":{"line":19,"column":38}},"6":{"start":{"line":21,"column":4},"end":{"line":71,"column":8}},"7":{"start":{"line":23,"column":21},"end":{"line":23,"column":44}},"8":{"start":{"line":25,"column":8},"end":{"line":25,"column":71}},"9":{"start":{"line":25,"column":19},"end":{"line":25,"column":71}},"10":{"start":{"line":27,"column":23},"end":{"line":27,"column":62}},"11":{"start":{"line":29,"column":8},"end":{"line":29,"column":81}},"12":{"start":{"line":29,"column":21},"end":{"line":29,"column":81}},"13":{"start":{"line":31,"column":21},"end":{"line":31,"column":55}},"14":{"start":{"line":33,"column":8},"end":{"line":33,"column":75}},"15":{"start":{"line":33,"column":19},"end":{"line":33,"column":75}},"16":{"start":{"line":38,"column":22},"end":{"line":40,"column":11}},"17":{"start":{"line":39,"column":12},"end":{"line":39,"column":44}},"18":{"start":{"line":43,"column":26},"end":{"line":43,"column":85}},"19":{"start":{"line":43,"column":51},"end":{"line":43,"column":72}},"20":{"start":{"line":45,"column":24},"end":{"line":45,"column":83}},"21":{"start":{"line":45,"column":49},"end":{"line":45,"column":70}},"22":{"start":{"line":46,"column":26},"end":{"line":46,"column":85}},"23":{"start":{"line":46,"column":51},"end":{"line":46,"column":72}},"24":{"start":{"line":47,"column":23},"end":{"line":47,"column":82}},"25":{"start":{"line":47,"column":48},"end":{"line":47,"column":69}},"26":{"start":{"line":51,"column":28},"end":{"line":51,"column":30}},"27":{"start":{"line":51,"column":44},"end":{"line":51,"column":46}},"28":{"start":{"line":51,"column":62},"end":{"line":51,"column":64}},"29":{"start":{"line":51,"column":78},"end":{"line":51,"column":80}},"30":{"start":{"line":52,"column":8},"end":{"line":52,"column":73}},"31":{"start":{"line":52,"column":51},"end":{"line":52,"column":72}},"32":{"start":{"line":53,"column":8},"end":{"line":53,"column":69}},"33":{"start":{"line":53,"column":47},"end":{"line":53,"column":68}},"34":{"start":{"line":54,"column":8},"end":{"line":54,"column":73}},"35":{"start":{"line":54,"column":51},"end":{"line":54,"column":72}},"36":{"start":{"line":55,"column":8},"end":{"line":55,"column":67}},"37":{"start":{"line":55,"column":45},"end":{"line":55,"column":66}},"38":{"start":{"line":57,"column":20},"end":{"line":57,"column":87}},"39":{"start":{"line":60,"column":8},"end":{"line":62,"column":10}},"40":{"start":{"line":61,"column":12},"end":{"line":61,"column":37}},"41":{"start":{"line":67,"column":8},"end":{"line":67,"column":61}},"42":{"start":{"line":69,"column":8},"end":{"line":69,"column":22}}},"fnMap":{"0":{"name":"(anonymous_0)","decl":{"start":{"line":15,"column":17},"end":{"line":15,"column":18}},"loc":{"start":{"line":15,"column":48},"end":{"line":72,"column":1}},"line":15},"1":{"name":"(anonymous_1)","decl":{"start":{"line":21,"column":12},"end":{"line":21,"column":13}},"loc":{"start":{"line":21,"column":24},"end":{"line":71,"column":5}},"line":21},"2":{"name":"(anonymous_2)","decl":{"start":{"line":38,"column":57},"end":{"line":38,"column":58}},"loc":{"start":{"line":39,"column":12},"end":{"line":39,"column":44}},"line":39},"3":{"name":"(anonymous_3)","decl":{"start":{"line":43,"column":41},"end":{"line":43,"column":42}},"loc":{"start":{"line":43,"column":51},"end":{"line":43,"column":72}},"line":43},"4":{"name":"(anonymous_4)","decl":{"start":{"line":45,"column":39},"end":{"line":45,"column":40}},"loc":{"start":{"line":45,"column":49},"end":{"line":45,"column":70}},"line":45},"5":{"name":"(anonymous_5)","decl":{"start":{"line":46,"column":41},"end":{"line":46,"column":42}},"loc":{"start":{"line":46,"column":51},"end":{"line":46,"column":72}},"line":46},"6":{"name":"(anonymous_6)","decl":{"start":{"line":47,"column":38},"end":{"line":47,"column":39}},"loc":{"start":{"line":47,"column":48},"end":{"line":47,"column":69}},"line":47},"7":{"name":"(anonymous_7)","decl":{"start":{"line":52,"column":40},"end":{"line":52,"column":41}},"loc":{"start":{"line":52,"column":51},"end":{"line":52,"column":72}},"line":52},"8":{"name":"(anonymous_8)","decl":{"start":{"line":53,"column":36},"end":{"line":53,"column":37}},"loc":{"start":{"line":53,"column":47},"end":{"line":53,"column":68}},"line":53},"9":{"name":"(anonymous_9)","decl":{"start":{"line":54,"column":40},"end":{"line":54,"column":41}},"loc":{"start":{"line":54,"column":51},"end":{"line":54,"column":72}},"line":54},"10":{"name":"(anonymous_10)","decl":{"start":{"line":55,"column":34},"end":{"line":55,"column":35}},"loc":{"start":{"line":55,"column":45},"end":{"line":55,"column":66}},"line":55},"11":{"name":"(anonymous_11)","decl":{"start":{"line":60,"column":24},"end":{"line":60,"column":25}},"loc":{"start":{"line":60,"column":40},"end":{"line":62,"column":9}},"line":60}},"branchMap":{"0":{"loc":{"start":{"line":25,"column":8},"end":{"line":25,"column":71}},"type":"if","locations":[{"start":{"line":25,"column":8},"end":{"line":25,"column":71}},{"start":{"line":25,"column":8},"end":{"line":25,"column":71}}],"line":25},"1":{"loc":{"start":{"line":29,"column":8},"end":{"line":29,"column":81}},"type":"if","locations":[{"start":{"line":29,"column":8},"end":{"line":29,"column":81}},{"start":{"line":29,"column":8},"end":{"line":29,"column":81}}],"line":29},"2":{"loc":{"start":{"line":33,"column":8},"end":{"line":33,"column":75}},"type":"if","locations":[{"start":{"line":33,"column":8},"end":{"line":33,"column":75}},{"start":{"line":33,"column":8},"end":{"line":33,"column":75}}],"line":33}},"s":{"0":1,"1":1,"2":1,"3":13,"4":10,"5":7,"6":4,"7":4,"8":4,"9":1,"10":3,"11":3,"12":1,"13":2,"14":2,"15":1,"16":1,"17":50,"18":1,"19":50,"20":1,"21":50,"22":1,"23":50,"24":1,"25":50,"26":1,"27":1,"28":1,"29":1,"30":1,"31":1,"32":1,"33":4,"34":1,"35":4,"36":1,"37":2,"38":1,"39":1,"40":11,"41":1,"42":1},"f":{"0":13,"1":4,"2":50,"3":50,"4":50,"5":50,"6":50,"7":1,"8":4,"9":4,"10":2,"11":11},"b":{"0":[1,3],"1":[1,2],"2":[1,1]},"_coverageSchema":"43e27e138ebf9cfc5966b082cf9a028302ed4184","hash":"3b88a0ff9306bc0b830c636312c0b602554da5c2","contentHash":"748ea2322516f9f70803015e9a08bbe9ad5c8edb0f60259bc0c79c54b23954fd"},"/home/felipe/bootcamp/collab/skylab-bootcamp-201907/staff/felipe-fernandez/footcamp/footcamp-api/logic/team/retrieve-lineup/index.js":{"path":"/home/felipe/bootcamp/collab/skylab-bootcamp-201907/staff/felipe-fernandez/footcamp/footcamp-api/logic/team/retrieve-lineup/index.js","statementMap":{"0":{"start":{"line":1,"column":19},"end":{"line":1,"column":44}},"1":{"start":{"line":2,"column":53},"end":{"line":2,"column":77}},"2":{"start":{"line":15,"column":0},"end":{"line":40,"column":1}},"3":{"start":{"line":17,"column":4},"end":{"line":17,"column":29}},"4":{"start":{"line":18,"column":4},"end":{"line":18,"column":42}},"5":{"start":{"line":19,"column":4},"end":{"line":19,"column":38}},"6":{"start":{"line":21,"column":4},"end":{"line":39,"column":8}},"7":{"start":{"line":23,"column":21},"end":{"line":23,"column":44}},"8":{"start":{"line":25,"column":8},"end":{"line":25,"column":71}},"9":{"start":{"line":25,"column":19},"end":{"line":25,"column":71}},"10":{"start":{"line":27,"column":23},"end":{"line":27,"column":62}},"11":{"start":{"line":29,"column":8},"end":{"line":29,"column":81}},"12":{"start":{"line":29,"column":21},"end":{"line":29,"column":81}},"13":{"start":{"line":31,"column":21},"end":{"line":31,"column":55}},"14":{"start":{"line":33,"column":8},"end":{"line":33,"column":75}},"15":{"start":{"line":33,"column":19},"end":{"line":33,"column":75}},"16":{"start":{"line":35,"column":8},"end":{"line":35,"column":25}},"17":{"start":{"line":37,"column":8},"end":{"line":37,"column":26}}},"fnMap":{"0":{"name":"(anonymous_0)","decl":{"start":{"line":15,"column":17},"end":{"line":15,"column":18}},"loc":{"start":{"line":15,"column":48},"end":{"line":40,"column":1}},"line":15},"1":{"name":"(anonymous_1)","decl":{"start":{"line":21,"column":12},"end":{"line":21,"column":13}},"loc":{"start":{"line":21,"column":24},"end":{"line":39,"column":5}},"line":21}},"branchMap":{"0":{"loc":{"start":{"line":25,"column":8},"end":{"line":25,"column":71}},"type":"if","locations":[{"start":{"line":25,"column":8},"end":{"line":25,"column":71}},{"start":{"line":25,"column":8},"end":{"line":25,"column":71}}],"line":25},"1":{"loc":{"start":{"line":29,"column":8},"end":{"line":29,"column":81}},"type":"if","locations":[{"start":{"line":29,"column":8},"end":{"line":29,"column":81}},{"start":{"line":29,"column":8},"end":{"line":29,"column":81}}],"line":29},"2":{"loc":{"start":{"line":33,"column":8},"end":{"line":33,"column":75}},"type":"if","locations":[{"start":{"line":33,"column":8},"end":{"line":33,"column":75}},{"start":{"line":33,"column":8},"end":{"line":33,"column":75}}],"line":33}},"s":{"0":1,"1":1,"2":1,"3":13,"4":10,"5":7,"6":4,"7":4,"8":4,"9":1,"10":3,"11":3,"12":1,"13":2,"14":2,"15":1,"16":1,"17":1},"f":{"0":13,"1":4},"b":{"0":[1,3],"1":[1,2],"2":[1,1]},"_coverageSchema":"43e27e138ebf9cfc5966b082cf9a028302ed4184","hash":"8511862e00eb3eb9c8d650390dcda78dbdf52b0d","contentHash":"acc675b0fce645f43769f4898d2e672bca7ac50096b777b5326426a23f4a9449"},"/home/felipe/bootcamp/collab/skylab-bootcamp-201907/staff/felipe-fernandez/footcamp/footcamp-api/logic/team/delete/index.js":{"path":"/home/felipe/bootcamp/collab/skylab-bootcamp-201907/staff/felipe-fernandez/footcamp/footcamp-api/logic/team/delete/index.js","statementMap":{"0":{"start":{"line":1,"column":19},"end":{"line":1,"column":44}},"1":{"start":{"line":2,"column":44},"end":{"line":2,"column":68}},"2":{"start":{"line":16,"column":0},"end":{"line":44,"column":1}},"3":{"start":{"line":18,"column":4},"end":{"line":18,"column":29}},"4":{"start":{"line":19,"column":4},"end":{"line":19,"column":42}},"5":{"start":{"line":20,"column":4},"end":{"line":20,"column":38}},"6":{"start":{"line":22,"column":4},"end":{"line":43,"column":8}},"7":{"start":{"line":24,"column":21},"end":{"line":24,"column":44}},"8":{"start":{"line":26,"column":8},"end":{"line":26,"column":71}},"9":{"start":{"line":26,"column":19},"end":{"line":26,"column":71}},"10":{"start":{"line":28,"column":23},"end":{"line":28,"column":62}},"11":{"start":{"line":30,"column":8},"end":{"line":30,"column":81}},"12":{"start":{"line":30,"column":21},"end":{"line":30,"column":81}},"13":{"start":{"line":32,"column":21},"end":{"line":32,"column":56}},"14":{"start":{"line":34,"column":8},"end":{"line":34,"column":75}},"15":{"start":{"line":34,"column":19},"end":{"line":34,"column":75}},"16":{"start":{"line":36,"column":29},"end":{"line":36,"column":66}},"17":{"start":{"line":38,"column":8},"end":{"line":38,"column":93}},"18":{"start":{"line":38,"column":42},"end":{"line":38,"column":93}}},"fnMap":{"0":{"name":"(anonymous_0)","decl":{"start":{"line":16,"column":17},"end":{"line":16,"column":18}},"loc":{"start":{"line":16,"column":48},"end":{"line":44,"column":1}},"line":16},"1":{"name":"(anonymous_1)","decl":{"start":{"line":22,"column":12},"end":{"line":22,"column":13}},"loc":{"start":{"line":22,"column":24},"end":{"line":43,"column":5}},"line":22}},"branchMap":{"0":{"loc":{"start":{"line":26,"column":8},"end":{"line":26,"column":71}},"type":"if","locations":[{"start":{"line":26,"column":8},"end":{"line":26,"column":71}},{"start":{"line":26,"column":8},"end":{"line":26,"column":71}}],"line":26},"1":{"loc":{"start":{"line":30,"column":8},"end":{"line":30,"column":81}},"type":"if","locations":[{"start":{"line":30,"column":8},"end":{"line":30,"column":81}},{"start":{"line":30,"column":8},"end":{"line":30,"column":81}}],"line":30},"2":{"loc":{"start":{"line":34,"column":8},"end":{"line":34,"column":75}},"type":"if","locations":[{"start":{"line":34,"column":8},"end":{"line":34,"column":75}},{"start":{"line":34,"column":8},"end":{"line":34,"column":75}}],"line":34},"3":{"loc":{"start":{"line":38,"column":8},"end":{"line":38,"column":93}},"type":"if","locations":[{"start":{"line":38,"column":8},"end":{"line":38,"column":93}},{"start":{"line":38,"column":8},"end":{"line":38,"column":93}}],"line":38}},"s":{"0":1,"1":1,"2":1,"3":12,"4":9,"5":6,"6":4,"7":4,"8":4,"9":1,"10":3,"11":3,"12":1,"13":2,"14":2,"15":1,"16":1,"17":1,"18":0},"f":{"0":12,"1":4},"b":{"0":[1,3],"1":[1,2],"2":[1,1],"3":[0,1]},"_coverageSchema":"43e27e138ebf9cfc5966b082cf9a028302ed4184","hash":"e4ac1888925af6f113c96b505a4253531575b9ad","contentHash":"bb1af1f1fd8daadfe1d204614f45cc9c4bb54bb407b73f308165df03e9ed2898"},"/home/felipe/bootcamp/collab/skylab-bootcamp-201907/staff/felipe-fernandez/footcamp/footcamp-api/logic/player/retrieve/index.js":{"path":"/home/felipe/bootcamp/collab/skylab-bootcamp-201907/staff/felipe-fernandez/footcamp/footcamp-api/logic/player/retrieve/index.js","statementMap":{"0":{"start":{"line":1,"column":19},"end":{"line":1,"column":44}},"1":{"start":{"line":2,"column":38},"end":{"line":2,"column":62}},"2":{"start":{"line":12,"column":0},"end":{"line":33,"column":1}},"3":{"start":{"line":14,"column":4},"end":{"line":14,"column":29}},"4":{"start":{"line":15,"column":4},"end":{"line":15,"column":43}},"5":{"start":{"line":17,"column":5},"end":{"line":32,"column":8}},"6":{"start":{"line":19,"column":21},"end":{"line":19,"column":44}},"7":{"start":{"line":21,"column":8},"end":{"line":21,"column":71}},"8":{"start":{"line":21,"column":19},"end":{"line":21,"column":71}},"9":{"start":{"line":23,"column":23},"end":{"line":23,"column":69}},"10":{"start":{"line":25,"column":8},"end":{"line":25,"column":80}},"11":{"start":{"line":25,"column":21},"end":{"line":25,"column":80}},"12":{"start":{"line":27,"column":8},"end":{"line":27,"column":41}},"13":{"start":{"line":28,"column":8},"end":{"line":28,"column":25}},"14":{"start":{"line":30,"column":8},"end":{"line":30,"column":21}}},"fnMap":{"0":{"name":"(anonymous_0)","decl":{"start":{"line":12,"column":17},"end":{"line":12,"column":18}},"loc":{"start":{"line":12,"column":41},"end":{"line":33,"column":1}},"line":12},"1":{"name":"(anonymous_1)","decl":{"start":{"line":17,"column":13},"end":{"line":17,"column":14}},"loc":{"start":{"line":17,"column":25},"end":{"line":32,"column":5}},"line":17}},"branchMap":{"0":{"loc":{"start":{"line":21,"column":8},"end":{"line":21,"column":71}},"type":"if","locations":[{"start":{"line":21,"column":8},"end":{"line":21,"column":71}},{"start":{"line":21,"column":8},"end":{"line":21,"column":71}}],"line":21},"1":{"loc":{"start":{"line":25,"column":8},"end":{"line":25,"column":80}},"type":"if","locations":[{"start":{"line":25,"column":8},"end":{"line":25,"column":80}},{"start":{"line":25,"column":8},"end":{"line":25,"column":80}}],"line":25}},"s":{"0":1,"1":1,"2":1,"3":8,"4":5,"5":3,"6":3,"7":3,"8":1,"9":2,"10":2,"11":1,"12":1,"13":1,"14":1},"f":{"0":8,"1":3},"b":{"0":[1,2],"1":[1,1]},"_coverageSchema":"43e27e138ebf9cfc5966b082cf9a028302ed4184","hash":"a671535aa02df5e2a768b3eb77c02c6e562cb963","contentHash":"7f26006451b0bbf8f66f2320b6587fc9eda6cc73ba67ab33eb363b4f808729ac"},"/home/felipe/bootcamp/collab/skylab-bootcamp-201907/staff/felipe-fernandez/footcamp/footcamp-api/logic/team/update/index.js":{"path":"/home/felipe/bootcamp/collab/skylab-bootcamp-201907/staff/felipe-fernandez/footcamp/footcamp-api/logic/team/update/index.js","statementMap":{"0":{"start":{"line":1,"column":19},"end":{"line":1,"column":44}},"1":{"start":{"line":2,"column":44},"end":{"line":2,"column":68}},"2":{"start":{"line":15,"column":0},"end":{"line":42,"column":1}},"3":{"start":{"line":17,"column":4},"end":{"line":17,"column":29}},"4":{"start":{"line":18,"column":4},"end":{"line":18,"column":42}},"5":{"start":{"line":19,"column":4},"end":{"line":19,"column":31}},"6":{"start":{"line":20,"column":4},"end":{"line":20,"column":31}},"7":{"start":{"line":22,"column":4},"end":{"line":41,"column":8}},"8":{"start":{"line":24,"column":21},"end":{"line":24,"column":44}},"9":{"start":{"line":26,"column":8},"end":{"line":26,"column":71}},"10":{"start":{"line":26,"column":19},"end":{"line":26,"column":71}},"11":{"start":{"line":28,"column":23},"end":{"line":28,"column":62}},"12":{"start":{"line":30,"column":8},"end":{"line":30,"column":79}},"13":{"start":{"line":30,"column":21},"end":{"line":30,"column":79}},"14":{"start":{"line":32,"column":25},"end":{"line":32,"column":59}},"15":{"start":{"line":34,"column":8},"end":{"line":34,"column":77}},"16":{"start":{"line":34,"column":23},"end":{"line":34,"column":77}},"17":{"start":{"line":36,"column":8},"end":{"line":36,"column":43}},"18":{"start":{"line":37,"column":8},"end":{"line":37,"column":29}}},"fnMap":{"0":{"name":"(anonymous_0)","decl":{"start":{"line":15,"column":17},"end":{"line":15,"column":18}},"loc":{"start":{"line":15,"column":59},"end":{"line":42,"column":1}},"line":15},"1":{"name":"(anonymous_1)","decl":{"start":{"line":22,"column":12},"end":{"line":22,"column":13}},"loc":{"start":{"line":22,"column":24},"end":{"line":41,"column":5}},"line":22}},"branchMap":{"0":{"loc":{"start":{"line":26,"column":8},"end":{"line":26,"column":71}},"type":"if","locations":[{"start":{"line":26,"column":8},"end":{"line":26,"column":71}},{"start":{"line":26,"column":8},"end":{"line":26,"column":71}}],"line":26},"1":{"loc":{"start":{"line":30,"column":8},"end":{"line":30,"column":79}},"type":"if","locations":[{"start":{"line":30,"column":8},"end":{"line":30,"column":79}},{"start":{"line":30,"column":8},"end":{"line":30,"column":79}}],"line":30},"2":{"loc":{"start":{"line":34,"column":8},"end":{"line":34,"column":77}},"type":"if","locations":[{"start":{"line":34,"column":8},"end":{"line":34,"column":77}},{"start":{"line":34,"column":8},"end":{"line":34,"column":77}}],"line":34}},"s":{"0":1,"1":1,"2":1,"3":4,"4":4,"5":4,"6":4,"7":4,"8":4,"9":4,"10":1,"11":3,"12":3,"13":1,"14":2,"15":2,"16":1,"17":1,"18":1},"f":{"0":4,"1":4},"b":{"0":[1,3],"1":[1,2],"2":[1,1]},"_coverageSchema":"43e27e138ebf9cfc5966b082cf9a028302ed4184","hash":"dabcedb0a4acac135be90c0b4608f14800231069","contentHash":"31ab59d2ededffa0226cccc976c9d8ad2cc3daa2e7f5a2acc394daf2c362cb03"},"/home/felipe/bootcamp/collab/skylab-bootcamp-201907/staff/felipe-fernandez/footcamp/footcamp-api/logic/league/join/index.spec.js":{"path":"/home/felipe/bootcamp/collab/skylab-bootcamp-201907/staff/felipe-fernandez/footcamp/footcamp-api/logic/league/join/index.spec.js","statementMap":{"0":{"start":{"line":1,"column":0},"end":{"line":1,"column":26}},"1":{"start":{"line":3,"column":19},"end":{"line":3,"column":34}},"2":{"start":{"line":4,"column":14},"end":{"line":4,"column":30}},"3":{"start":{"line":5,"column":47},"end":{"line":5,"column":71}},"4":{"start":{"line":7,"column":32},"end":{"line":7,"column":39}},"5":{"start":{"line":9,"column":0},"end":{"line":143,"column":2}},"6":{"start":{"line":11,"column":4},"end":{"line":11,"column":48}},"7":{"start":{"line":11,"column":18},"end":{"line":11,"column":47}},"8":{"start":{"line":15,"column":4},"end":{"line":36,"column":5}},"9":{"start":{"line":17,"column":8},"end":{"line":17,"column":38}},"10":{"start":{"line":18,"column":8},"end":{"line":18,"column":44}},"11":{"start":{"line":19,"column":8},"end":{"line":19,"column":50}},"12":{"start":{"line":20,"column":8},"end":{"line":20,"column":46}},"13":{"start":{"line":21,"column":8},"end":{"line":21,"column":50}},"14":{"start":{"line":22,"column":8},"end":{"line":22,"column":38}},"15":{"start":{"line":25,"column":8},"end":{"line":34,"column":12}},"16":{"start":{"line":26,"column":12},"end":{"line":26,"column":35}},"17":{"start":{"line":27,"column":12},"end":{"line":27,"column":37}},"18":{"start":{"line":29,"column":26},"end":{"line":29,"column":77}},"19":{"start":{"line":30,"column":12},"end":{"line":30,"column":25}},"20":{"start":{"line":31,"column":27},"end":{"line":31,"column":76}},"21":{"start":{"line":32,"column":12},"end":{"line":32,"column":32}},"22":{"start":{"line":38,"column":4},"end":{"line":52,"column":7}},"23":{"start":{"line":40,"column":23},"end":{"line":40,"column":55}},"24":{"start":{"line":41,"column":12},"end":{"line":41,"column":35}},"25":{"start":{"line":43,"column":28},"end":{"line":43,"column":56}},"26":{"start":{"line":44,"column":12},"end":{"line":44,"column":39}},"27":{"start":{"line":45,"column":12},"end":{"line":45,"column":44}},"28":{"start":{"line":46,"column":12},"end":{"line":46,"column":52}},"29":{"start":{"line":47,"column":12},"end":{"line":47,"column":56}},"30":{"start":{"line":48,"column":12},"end":{"line":48,"column":62}},"31":{"start":{"line":49,"column":12},"end":{"line":49,"column":70}},"32":{"start":{"line":54,"column":4},"end":{"line":64,"column":6}},"33":{"start":{"line":55,"column":8},"end":{"line":55,"column":39}},"34":{"start":{"line":56,"column":8},"end":{"line":62,"column":9}},"35":{"start":{"line":57,"column":12},"end":{"line":57,"column":44}},"36":{"start":{"line":58,"column":12},"end":{"line":58,"column":54}},"37":{"start":{"line":61,"column":12},"end":{"line":61,"column":74}},"38":{"start":{"line":68,"column":4},"end":{"line":79,"column":7}},"39":{"start":{"line":70,"column":8},"end":{"line":70,"column":59}},"40":{"start":{"line":72,"column":8},"end":{"line":78,"column":9}},"41":{"start":{"line":73,"column":13},"end":{"line":73,"column":48}},"42":{"start":{"line":76,"column":13},"end":{"line":76,"column":35}},"43":{"start":{"line":77,"column":13},"end":{"line":77,"column":81}},"44":{"start":{"line":81,"column":5},"end":{"line":95,"column":7}},"45":{"start":{"line":83,"column":22},"end":{"line":83,"column":72}},"46":{"start":{"line":84,"column":8},"end":{"line":84,"column":36}},"47":{"start":{"line":86,"column":8},"end":{"line":86,"column":27}},"48":{"start":{"line":88,"column":8},"end":{"line":94,"column":9}},"49":{"start":{"line":89,"column":13},"end":{"line":89,"column":45}},"50":{"start":{"line":92,"column":13},"end":{"line":92,"column":35}},"51":{"start":{"line":93,"column":13},"end":{"line":93,"column":94}},"52":{"start":{"line":99,"column":4},"end":{"line":103,"column":5}},"53":{"start":{"line":100,"column":8},"end":{"line":102,"column":57}},"54":{"start":{"line":101,"column":12},"end":{"line":101,"column":45}},"55":{"start":{"line":105,"column":4},"end":{"line":109,"column":5}},"56":{"start":{"line":106,"column":8},"end":{"line":108,"column":59}},"57":{"start":{"line":107,"column":12},"end":{"line":107,"column":44}},"58":{"start":{"line":112,"column":4},"end":{"line":116,"column":5}},"59":{"start":{"line":113,"column":8},"end":{"line":115,"column":53}},"60":{"start":{"line":114,"column":12},"end":{"line":114,"column":42}},"61":{"start":{"line":118,"column":4},"end":{"line":122,"column":5}},"62":{"start":{"line":119,"column":8},"end":{"line":121,"column":55}},"63":{"start":{"line":120,"column":12},"end":{"li
[...]
e":73,"column":4},"end":{"line":73,"column":36}},"43":{"start":{"line":73,"column":14},"end":{"line":73,"column":35}}},"fnMap":{"0":{"name":"(anonymous_0)","decl":{"start":{"line":9,"column":18},"end":{"line":9,"column":19}},"loc":{"start":{"line":9,"column":22},"end":{"line":75,"column":1}},"line":9},"1":{"name":"(anonymous_1)","decl":{"start":{"line":11,"column":11},"end":{"line":11,"column":12}},"loc":{"start":{"line":11,"column":18},"end":{"line":11,"column":47}},"line":11},"2":{"name":"(anonymous_2)","decl":{"start":{"line":14,"column":30},"end":{"line":14,"column":31}},"loc":{"start":{"line":14,"column":36},"end":{"line":71,"column":5}},"line":14},"3":{"name":"(anonymous_3)","decl":{"start":{"line":17,"column":19},"end":{"line":17,"column":20}},"loc":{"start":{"line":17,"column":25},"end":{"line":28,"column":9}},"line":17},"4":{"name":"(anonymous_4)","decl":{"start":{"line":23,"column":20},"end":{"line":23,"column":21}},"loc":{"start":{"line":23,"column":32},"end":{"line":27,"column":13}},"line":23},"5":{"name":"(anonymous_5)","decl":{"start":{"line":30,"column":45},"end":{"line":30,"column":46}},"loc":{"start":{"line":30,"column":57},"end":{"line":39,"column":13}},"line":30},"6":{"name":"(anonymous_6)","decl":{"start":{"line":41,"column":48},"end":{"line":41,"column":49}},"loc":{"start":{"line":41,"column":60},"end":{"line":51,"column":9}},"line":41},"7":{"name":"(anonymous_7)","decl":{"start":{"line":54,"column":38},"end":{"line":54,"column":39}},"loc":{"start":{"line":54,"column":44},"end":{"line":58,"column":9}},"line":54},"8":{"name":"(anonymous_8)","decl":{"start":{"line":55,"column":19},"end":{"line":55,"column":20}},"loc":{"start":{"line":56,"column":16},"end":{"line":56,"column":38}},"line":56},"9":{"name":"(anonymous_9)","decl":{"start":{"line":60,"column":44},"end":{"line":60,"column":45}},"loc":{"start":{"line":60,"column":50},"end":{"line":64,"column":9}},"line":60},"10":{"name":"(anonymous_10)","decl":{"start":{"line":61,"column":19},"end":{"line":61,"column":20}},"loc":{"start":{"line":62,"column":16},"end":{"line":62,"column":45}},"line":62},"11":{"name":"(anonymous_11)","decl":{"start":{"line":66,"column":45},"end":{"line":66,"column":46}},"loc":{"start":{"line":66,"column":51},"end":{"line":70,"column":9}},"line":66},"12":{"name":"(anonymous_12)","decl":{"start":{"line":67,"column":19},"end":{"line":67,"column":20}},"loc":{"start":{"line":68,"column":16},"end":{"line":68,"column":39}},"line":68},"13":{"name":"(anonymous_13)","decl":{"start":{"line":73,"column":10},"end":{"line":73,"column":11}},"loc":{"start":{"line":73,"column":14},"end":{"line":73,"column":35}},"line":73}},"branchMap":{},"s":{"0":1,"1":1,"2":1,"3":1,"4":1,"5":1,"6":1,"7":1,"8":1,"9":1,"10":5,"11":5,"12":5,"13":5,"14":5,"15":5,"16":5,"17":5,"18":1,"19":1,"20":1,"21":1,"22":1,"23":1,"24":1,"25":1,"26":1,"27":1,"28":1,"29":1,"30":1,"31":0,"32":1,"33":1,"34":1,"35":1,"36":1,"37":1,"38":1,"39":1,"40":1,"41":1,"42":1,"43":1},"f":{"0":1,"1":1,"2":1,"3":5,"4":5,"5":1,"6":1,"7":1,"8":1,"9":1,"10":1,"11":1,"12":1,"13":1},"b":{},"_coverageSchema":"43e27e138ebf9cfc5966b082cf9a028302ed4184","hash":"968bd558d12adeecc10a255986be7e954f323179","contentHash":"4463d9657cf4e4a8fd3e828d34ccbdcc5e2b6c3b88f832f3f94da15368e16e28"},"/home/felipe/bootcamp/collab/skylab-bootcamp-201907/staff/felipe-fernandez/footcamp/footcamp-api/logic/user/unregister/index.spec.js":{"path":"/home/felipe/bootcamp/collab/skylab-bootcamp-201907/staff/felipe-fernandez/footcamp/footcamp-api/logic/user/unregister/index.spec.js","statementMap":{"0":{"start":{"line":1,"column":0},"end":{"line":1,"column":26}},"1":{"start":{"line":3,"column":17},"end":{"line":3,"column":32}},"2":{"start":{"line":4,"column":14},"end":{"line":4,"column":39}},"3":{"start":{"line":5,"column":39},"end":{"line":5,"column":63}},"4":{"start":{"line":6,"column":15},"end":{"line":6,"column":34}},"5":{"start":{"line":8,"column":32},"end":{"line":8,"column":39}},"6":{"start":{"line":10,"column":0},"end":{"line":123,"column":2}},"7":{"start":{"line":13,"column":4},"end":{"line":13,"column":48}},"8":{"start":{"line":13,"column":18},"end":{"line":13,"column":47}},"9":{"start":{"line":17,"column":4},"end":{"line":25,"column":6}},"10":{"start":{"line":18,"column":8},"end":{"line":18,"column":38}},"11":{"start":{"line":19,"column":8},"end":{"line":19,"column":44}},"12":{"start":{"line":20,"column":8},"end":{"line":20,"column":51}},"13":{"start":{"line":21,"column":8},"end":{"line":21,"column":46}},"14":{"start":{"line":22,"column":8},"end":{"line":22,"column":31}},"15":{"start":{"line":23,"column":22},"end":{"line":23,"column":108}},"16":{"start":{"line":24,"column":8},"end":{"line":24,"column":21}},"17":{"start":{"line":26,"column":4},"end":{"line":33,"column":10}},"18":{"start":{"line":28,"column":23},"end":{"line":28,"column":70}},"19":{"start":{"line":29,"column":12},"end":{"line":29,"column":39}},"20":{"start":{"line":30,"column":25},"end":{"line":30,"column":48}},"21":{"start":{"line":31,"column":12},"end":{"line":31,"column":41}},"22":{"start":{"line":37,"column":4},"end":{"line":47,"column":6}},"23":{"start":{"line":38,"column":8},"end":{"line":38,"column":31}},"24":{"start":{"line":39,"column":8},"end":{"line":45,"column":9}},"25":{"start":{"line":40,"column":12},"end":{"line":40,"column":59}},"26":{"start":{"line":41,"column":12},"end":{"line":41,"column":54}},"27":{"start":{"line":44,"column":12},"end":{"line":44,"column":58}},"28":{"start":{"line":50,"column":4},"end":{"line":61,"column":6}},"29":{"start":{"line":51,"column":8},"end":{"line":51,"column":35}},"30":{"start":{"line":52,"column":8},"end":{"line":52,"column":38}},"31":{"start":{"line":53,"column":8},"end":{"line":59,"column":9}},"32":{"start":{"line":54,"column":11},"end":{"line":54,"column":58}},"33":{"start":{"line":55,"column":11},"end":{"line":55,"column":53}},"34":{"start":{"line":58,"column":12},"end":{"line":58,"column":57}},"35":{"start":{"line":63,"column":8},"end":{"line":67,"column":10}},"36":{"start":{"line":64,"column":12},"end":{"line":66,"column":53}},"37":{"start":{"line":65,"column":16},"end":{"line":65,"column":57}},"38":{"start":{"line":69,"column":8},"end":{"line":73,"column":10}},"39":{"start":{"line":70,"column":12},"end":{"line":72,"column":72}},"40":{"start":{"line":71,"column":16},"end":{"line":71,"column":64}},"41":{"start":{"line":75,"column":8},"end":{"line":79,"column":10}},"42":{"start":{"line":76,"column":12},"end":{"line":78,"column":66}},"43":{"start":{"line":77,"column":16},"end":{"line":77,"column":58}},"44":{"start":{"line":84,"column":8},"end":{"line":88,"column":10}},"45":{"start":{"line":85,"column":12},"end":{"line":87,"column":56}},"46":{"start":{"line":86,"column":16},"end":{"line":86,"column":54}},"47":{"start":{"line":90,"column":8},"end":{"line":94,"column":10}},"48":{"start":{"line":91,"column":12},"end":{"line":93,"column":75}},"49":{"start":{"line":92,"column":16},"end":{"line":92,"column":61}},"50":{"start":{"line":96,"column":8},"end":{"line":100,"column":10}},"51":{"start":{"line":97,"column":12},"end":{"line":99,"column":69}},"52":{"start":{"line":98,"column":16},"end":{"line":98,"column":55}},"53":{"start":{"line":104,"column":8},"end":{"line":108,"column":10}},"54":{"start":{"line":105,"column":12},"end":{"line":107,"column":59}},"55":{"start":{"line":106,"column":16},"end":{"line":106,"column":51}},"56":{"start":{"line":110,"column":8},"end":{"line":114,"column":10}},"57":{"start":{"line":111,"column":12},"end":{"line":113,"column":75}},"58":{"start":{"line":112,"column":16},"end":{"line":112,"column":55}},"59":{"start":{"line":116,"column":8},"end":{"line":120,"column":10}},"60":{"start":{"line":117,"column":12},"end":{"line":119,"column":69}},"61":{"start":{"line":118,"column":16},"end":{"line":118,"column":55}},"62":{"start":{"line":122,"column":4},"end":{"line":122,"column":37}},"63":{"start":{"line":122,"column":15},"end":{"line":122,"column":36}}},"fnMap":{"0":{"name":"(anonymous_0)","decl":{"start":{"line":10,"column":36},"end":{"line":10,"column":37}},"loc":{"start":{"line":10,"column":42},"end":{"line":123,"column":1}},"line":10},"1":{"name":"(anonymous_1)","decl":{"start":{"line":13,"column":11},"end":{"line":13,"column":12}},"loc":{"start":{"line":13,"column":18},"end":{"line":13,"column":47}},"line":13},"2":{"name":"(anonymous_2)","decl":{"start":{"line":17,"column":15},"end":{"line":17,"column":16}},"loc":{"start":{"line":17,"column":27},"end":{"line":25,"column":5}},"line":17},"3":{"name":"(anonymous_3)","decl":{"start":{"line":26,"column":41},"end":{"line":26,"column":42}},"loc":{"start":{"line":26,"column":53},"end":{"line":33,"column":9}},"line":26},"4":{"name":"(anonymous_4)","decl":{"start":{"line":37,"column":41},"end":{"line":37,"column":42}},"loc":{"start":{"line":37,"column":53},"end":{"line":47,"column":5}},"line":37},"5":{"name":"(anonymous_5)","decl":{"start":{"line":50,"column":59},"end":{"line":50,"column":60}},"loc":{"start":{"line":50,"column":71},"end":{"line":61,"column":5}},"line":50},"6":{"name":"(anonymous_6)","decl":{"start":{"line":63,"column":38},"end":{"line":63,"column":39}},"loc":{"start":{"line":63,"column":44},"end":{"line":67,"column":9}},"line":63},"7":{"name":"(anonymous_7)","decl":{"start":{"line":64,"column":19},"end":{"line":64,"column":20}},"loc":{"start":{"line":65,"column":16},"end":{"line":65,"column":57}},"line":65},"8":{"name":"(anonymous_8)","decl":{"start":{"line":69,"column":42},"end":{"line":69,"column":43}},"loc":{"start":{"line":69,"column":48},"end":{"line":73,"column":9}},"line":69},"9":{"name":"(anonymous_9)","decl":{"start":{"line":70,"column":19},"end":{"line":70,"column":20}},"loc":{"start":{"line":71,"column":16},"end":{"line":71,"column":64}},"line":71},"10":{"name":"(anonymous_10)","decl":{"start":{"line":75,"column":42},"end":{"line":75,"column":43}},"loc":{"start":{"line":75,"column":48},"end":{"line":79,"column":9}},"line":75},"11":{"name":"(anonymous_11)","decl":{"start":{"line":76,"column":19},"end":{"line":76,"column":20}},"loc":{"start":{"line":77,"column":16},"end":{"line":77,"column":58}},"line":77},"12":{"name":"(anonymous_12)","decl":{"start":{"line":84,"column":41},"end":{"line":84,"column":42}},"loc":{"start":{"line":84,"column":47},"end":{"line":88,"column":9}},"line":84},"13":{"name":"(anonymous_13)","decl":{"start":{"line":85,"column":19},"end":{"line":85,"column":20}},"loc":{"start":{"line":86,"column":16},"end":{"line":86,"column":54}},"line":86},"14":{"name":"(anonymous_14)","decl":{"start":{"line":90,"column":45},"end":{"line":90,"column":46}},"loc":{"start":{"line":90,"column":51},"end":{"line":94,"column":9}},"line":90},"15":{"name":"(anonymous_15)","decl":{"start":{"line":91,"column":19},"end":{"line":91,"column":20}},"loc":{"start":{"line":92,"column":16},"end":{"line":92,"column":61}},"line":92},"16":{"name":"(anonymous_16)","decl":{"start":{"line":96,"column":45},"end":{"line":96,"column":46}},"loc":{"start":{"line":96,"column":51},"end":{"line":100,"column":9}},"line":96},"17":{"name":"(anonymous_17)","decl":{"start":{"line":97,"column":19},"end":{"line":97,"column":20}},"loc":{"start":{"line":98,"column":16},"end":{"line":98,"column":55}},"line":98},"18":{"name":"(anonymous_18)","decl":{"start":{"line":104,"column":44},"end":{"line":104,"column":45}},"loc":{"start":{"line":104,"column":50},"end":{"line":108,"column":9}},"line":104},"19":{"name":"(anonymous_19)","decl":{"start":{"line":105,"column":19},"end":{"line":105,"column":20}},"loc":{"start":{"line":106,"column":16},"end":{"line":106,"column":51}},"line":106},"20":{"name":"(anonymous_20)","decl":{"start":{"line":110,"column":48},"end":{"line":110,"column":49}},"loc":{"start":{"line":110,"column":54},"end":{"line":114,"column":9}},"line":110},"21":{"name":"(anonymous_21)","decl":{"start":{"line":111,"column":19},"end":{"line":111,"column":20}},"loc":{"start":{"line":112,"column":16},"end":{"line":112,"column":55}},"line":112},"22":{"name":"(anonymous_22)","decl":{"start":{"line":116,"column":48},"end":{"line":116,"column":49}},"loc":{"start":{"line":116,"column":54},"end":{"line":120,"column":9}},"line":116},"23":{"name":"(anonymous_23)","decl":{"start":{"line":117,"column":19},"end":{"line":117,"column":20}},"loc":{"start":{"line":118,"column":16},"end":{"line":118,"column":55}},"line":118},"24":{"name":"(anonymous_24)","decl":{"start":{"line":122,"column":10},"end":{"line":122,"column":11}},"loc":{"start":{"line":122,"column":15},"end":{"line":122,"column":36}},"line":122}},"branchMap":{},"s":{"0":1,"1":1,"2":1,"3":1,"4":1,"5":1,"6":1,"7":1,"8":1,"9":1,"10":12,"11":12,"12":12,"13":12,"14":12,"15":12,"16":12,"17":1,"18":1,"19":1,"20":1,"21":1,"22":1,"23":1,"24":1,"25":1,"26":0,"27":1,"28":1,"29":1,"30":1,"31":1,"32":1,"33":0,"34":1,"35":1,"36":1,"37":1,"38":1,"39":1,"40":1,"41":1,"42":1,"43":1,"44":1,"45":1,"46":1,"47":1,"48":1,"49":1,"50":1,"51":1,"52":1,"53":1,"54":1,"55":1,"56":1,"57":1,"58":1,"59":1,"60":1,"61":1,"62":1,"63":1},"f":{"0":1,"1":1,"2":12,"3":1,"4":1,"5":1,"6":1,"7":1,"8":1,"9":1,"10":1,"11":1,"12":1,"13":1,"14":1,"15":1,"16":1,"17":1,"18":1,"19":1,"20":1,"21":1,"22":1,"23":1,"24":1},"b":{},"_coverageSchema":"43e27e138ebf9cfc5966b082cf9a028302ed4184","hash":"533dc8da3547bf46ca8935df89b6ce43c9305571","contentHash":"95fe9e21a0ae3d69b5597fce154f281e1bd55f05e73d537922b50540767b757b"},"/home/felipe/bootcamp/collab/skylab-bootcamp-201907/staff/felipe-fernandez/footcamp/footcamp-api/logic/user/update/index.spec.js":{"path":"/home/felipe/bootcamp/collab/skylab-bootcamp-201907/staff/felipe-fernandez/footcamp/footcamp-api/logic/user/update/index.spec.js","statementMap":{"0":{"start":{"line":1,"column":0},"end":{"line":1,"column":26}},"1":{"start":{"line":3,"column":17},"end":{"line":3,"column":32}},"2":{"start":{"line":4,"column":14},"end":{"line":4,"column":39}},"3":{"start":{"line":5,"column":39},"end":{"line":5,"column":63}},"4":{"start":{"line":6,"column":15},"end":{"line":6,"column":34}},"5":{"start":{"line":8,"column":32},"end":{"line":8,"column":39}},"6":{"start":{"line":11,"column":0},"end":{"line":87,"column":2}},"7":{"start":{"line":13,"column":4},"end":{"line":13,"column":48}},"8":{"start":{"line":13,"column":18},"end":{"line":13,"column":47}},"9":{"start":{"line":15,"column":4},"end":{"line":17,"column":6}},"10":{"start":{"line":16,"column":9},"end":{"line":16,"column":32}},"11":{"start":{"line":19,"column":4},"end":{"line":85,"column":6}},"12":{"start":{"line":23,"column":8},"end":{"line":35,"column":10}},"13":{"start":{"line":25,"column":12},"end":{"line":25,"column":42}},"14":{"start":{"line":26,"column":12},"end":{"line":26,"column":48}},"15":{"start":{"line":27,"column":12},"end":{"line":27,"column":55}},"16":{"start":{"line":28,"column":12},"end":{"line":28,"column":50}},"17":{"start":{"line":30,"column":25},"end":{"line":30,"column":56}},"18":{"start":{"line":31,"column":12},"end":{"line":31,"column":71}},"19":{"start":{"line":32,"column":25},"end":{"line":32,"column":54}},"20":{"start":{"line":34,"column":12},"end":{"line":34,"column":24}},"21":{"start":{"line":37,"column":8},"end":{"line":51,"column":14}},"22":{"start":{"line":39,"column":26},"end":{"line":39,"column":130}},"23":{"start":{"line":40,"column":16},"end":{"line":40,"column":41}},"24":{"start":{"line":42,"column":31},"end":{"line":42,"column":62}},"25":{"start":{"line":44,"column":16},"end":{"line":44,"column":43}},"26":{"start":{"line":45,"column":16},"end":{"line":45,"column":50}},"27":{"start":{"line":46,"column":16},"end":{"line":46,"column":59}},"28":{"start":{"line":47,"column":16},"end":{"line":47,"column":65}},"29":{"start":{"line":48,"column":16},"end":{"line":48,"column":66}},"30":{"start":{"line":54,"column":5},"end":{"line":64,"column":7}},"31":{"start":{"line":55,"column":8},"end":{"line":55,"column":37}},"32":{"start":{"line":56,"column":8},"end":{"line":62,"column":9}},"33":{"start":{"line":57,"column":12},"end":{"line":57,"column":115}},"34":{"start":{"line":58,"column":12},"end":{"line":58,"column":54}},"35":{"start":{"line":61,"column":12},"end":{"line":61,"column":74}},"36":{"start":{"line":67,"column":8},"end":{"line":71,"column":9}},"37":{"start":{"line":68,"column":12},"end":{"line":70,"column":46}},"38":{"start":{"line":69,"column":16},"end":{"line":69,"column":129}},"39":{"start":{"line":72,"column":8},"end":{"line":76,"column":9}},"40":{"start":{"line":73,"column":12},"end":{"line":75,"column":65}},"41":{"start":{"line":74,"column":16},"end":{"line":74,"column":136}},"42":{"start":{"line":77,"column":8},"end":{"line":82,"column":9}},"43":{"start":{"line":78,"column":12},"end":{"line":80,"column":57}},"44":{"start":{"line":79,"column":12},"end":{"line":79,"column":128}},"45":{"start":{"line":86,"column":4},"end":{"line":86,"column":37}},"46":{"start":{"line":86,"column":15},"end":{"line":86,"column":36}}},"fnMap":{"0":{"name":"(anonymous_0)","decl":{"start":{"line":11,"column":30},"end":{"line":11,"column":31}},"loc":{"start":{"line":11,"column":34},"end":{"line":87,"column":1}},"line":11},"1":{"name":"(anonymous_1)","decl":{"start":{"line":13,"column":11},"end":{"line":13,"column":12}},"loc":{"start":{"line":13,"column":18},"end":{"line":13,"column":47}},"line":13},"2":{"name":"(anonymous_2)","decl":{"start":{"line":15,"column":15},"end":{"line":15,"column":16}},"loc":{"start":{"line":15,"column":26},"end":{"line":17,"column":5}},"line":15},"3":{"name":"(anonymous_3)","decl":{"start":{"line":19,"column":28},"end":{"line":19,"column":29}},"loc":{"start":{"line":19,"column":34},"end":{"line":85,"column":5}},"line":19},"4":{"name":"(anonymous_4)","decl":{"start":{"line":23,"column":19},"end":{"line":23,"column":20}},"loc":{"start":{"line":23,"column":31},"end":{"line":35,"column":9}},"line":23},"5":{"name":"(anonymous_5)","decl":{"start":{"line":37,"column":45},"end":{"line":37,"column":46}},"loc":{"start":{"line":37,"column":57},"end":{"line":51,"column":13}},"line":37},"6":{"name":"(anonymous_6)","decl":{"start":{"line":54,"column":42},"end":{"line":54,"column":43}},"loc":{"start":{"line":54,"column":54},"end":{"line":64,"column":6}},"line":54},"7":{"name":"(anonymous_7)","decl":{"start":{"line":67,"column":38},"end":{"line":67,"column":39}},"loc":{"start":{"line":68,"column":12},"end":{"line":70,"column":46}},"line":68},"8":{"name":"(anonymous_8)","decl":{"start":{"line":68,"column":19},"end":{"line":68,"column":20}},"loc":{"start":{"line":69,"column":16},"end":{"line":69,"column":129}},"line":69},"9":{"name":"(anonymous_9)","decl":{"start":{"line":72,"column":42},"end":{"line":72,"column":43}},"loc":{"start":{"line":73,"column":12},"end":{"line":75,"column":65}},"line":73},"10":{"name":"(anonymous_10)","decl":{"start":{"line":73,"column":19},"end":{"line":73,"column":20}},"loc":{"start":{"line":74,"column":16},"end":{"line":74,"column":136}},"line":74},"11":{"name":"(anonymous_11)","decl":{"start":{"line":77,"column":43},"end":{"line":77,"column":44}},"loc":{"start":{"line":78,"column":12},"end":{"line":80,"column":57}},"line":78},"12":{"name":"(anonymous_12)","decl":{"start":{"line":78,"column":19},"end":{"line":78,"column":20}},"loc":{"start":{"line":79,"column":12},"end":{"line":79,"column":128}},"line":79},"13":{"name":"(anonymous_13)","decl":{"start":{"line":86,"column":10},"end":{"line":86,"column":11}},"loc":{"start":{"line":86,"column":15},"end":{"line":86,"column":36}},"line":86}},"branchMap":{},"s":{"0":1,"1":1,"2":1,"3":1,"4":1,"5":1,"6":1,"7":1,"8":1,"9":1,"10":5,"11":1,"12":1,"13":5,"14":5,"15":5,"16":5,"17":5,"18":5,"19":5,"20":5,"21":1,"22":1,"23":1,"24":1,"25":1,"26":1,"27":1,"28":1,"29":1,"30":1,"31":1,"32":1,"33":1,"34":0,"35":1,"36":1,"37":1,"38":1,"39":1,"40":1,"41":1,"42":1,"43":1,"44":1,"45":1,"46":1},"f":{"0":1,"1":1,"2":5,"3":1,"4":5,"5":1,"6":1,"7":1,"8":1,"9":1,"10":1,"11":1,"12":1,"13":1},"b":{},"_coverageSchema":"43e27e138ebf9cfc5966b082cf9a028302ed4184","hash":"11fa0ff06659bbe09ed09d9b276c4090582d4c28","contentHash":"3ad27a74c7e2a0e1339d9a3cad544e666ab7076debd1cc29ed32686e602e0232"}}